
────────────────────────────────────────────────────────────
  Database: rp3_tenants_prod
────────────────────────────────────────────────────────────
[2026-04-01T07:44:29.445Z] [INFO ] Started   :  2026-04-01T07:44:29.445Z
[2026-04-01T07:44:29.446Z] [INFO ] Database  :  rp3_tenants_prod
[2026-04-01T07:44:29.447Z] [INFO ] Folder    :  C:\Users\ftt\working\By-Mistake\backup\01-04-2026-12-45-45-PM\rp3_prod_environment-01-04-2026-01-10-47PM\rp3_tenants_prod-01-04-2026-01-14-29PM
[2026-04-01T07:44:30.960Z] [INFO ] Schemas found (2): public, rp

────────────────────────────────────────────────────────────
  Schema: rp3_tenants_prod / public
────────────────────────────────────────────────────────────
[2026-04-01T07:44:30.977Z] [INFO ] Started  :  2026-04-01T07:44:30.976Z
[2026-04-01T07:44:30.977Z] [INFO ] DB       :  rp3_tenants_prod
[2026-04-01T07:44:30.978Z] [INFO ] Schema   :  public
[2026-04-01T07:44:30.979Z] [INFO ] Folder   :  C:\Users\ftt\working\By-Mistake\backup\01-04-2026-12-45-45-PM\rp3_prod_environment-01-04-2026-01-10-47PM\rp3_tenants_prod-01-04-2026-01-14-29PM\public
[2026-04-01T07:44:30.980Z] [INFO ] pg_dump -Fc  →  C:\Users\ftt\working\By-Mistake\backup\01-04-2026-12-45-45-PM\rp3_prod_environment-01-04-2026-01-10-47PM\rp3_tenants_prod-01-04-2026-01-14-29PM\public\dump_public.dump
[2026-04-01T07:44:46.623Z] [OK   ] Custom dump complete  |  size: 1.2 KB  |  file: C:\Users\ftt\working\By-Mistake\backup\01-04-2026-12-45-45-PM\rp3_prod_environment-01-04-2026-01-10-47PM\rp3_tenants_prod-01-04-2026-01-14-29PM\public\dump_public.dump
[2026-04-01T07:44:46.624Z] [INFO ] Finished :  2026-04-01T07:44:46.624Z  |  status: OK

────────────────────────────────────────────────────────────
  Schema: rp3_tenants_prod / rp
────────────────────────────────────────────────────────────
[2026-04-01T07:44:46.628Z] [INFO ] Started  :  2026-04-01T07:44:46.628Z
[2026-04-01T07:44:46.629Z] [INFO ] DB       :  rp3_tenants_prod
[2026-04-01T07:44:46.630Z] [INFO ] Schema   :  rp
[2026-04-01T07:44:46.630Z] [INFO ] Folder   :  C:\Users\ftt\working\By-Mistake\backup\01-04-2026-12-45-45-PM\rp3_prod_environment-01-04-2026-01-10-47PM\rp3_tenants_prod-01-04-2026-01-14-29PM\rp
[2026-04-01T07:44:46.632Z] [INFO ] pg_dump -Fc  →  C:\Users\ftt\working\By-Mistake\backup\01-04-2026-12-45-45-PM\rp3_prod_environment-01-04-2026-01-10-47PM\rp3_tenants_prod-01-04-2026-01-14-29PM\rp\dump_rp.dump
[2026-04-01T07:45:04.469Z] [OK   ] Custom dump complete  |  size: 61.5 KB  |  file: C:\Users\ftt\working\By-Mistake\backup\01-04-2026-12-45-45-PM\rp3_prod_environment-01-04-2026-01-10-47PM\rp3_tenants_prod-01-04-2026-01-14-29PM\rp\dump_rp.dump
[2026-04-01T07:45:04.470Z] [INFO ] Finished :  2026-04-01T07:45:04.470Z  |  status: OK
[2026-04-01T07:45:04.471Z] [INFO ] Schemas backed up: 2 / 2
[2026-04-01T07:45:04.471Z] [INFO ] Finished  :  2026-04-01T07:45:04.471Z  |  status: OK
