
────────────────────────────────────────────────────────────
  Database: rp3_tenants_prod
────────────────────────────────────────────────────────────
[2026-04-03T08:33:03.247Z] [INFO ] Started   :  2026-04-03T08:33:03.246Z
[2026-04-03T08:33:03.250Z] [INFO ] Database  :  rp3_tenants_prod
[2026-04-03T08:33:03.252Z] [INFO ] Folder    :  C:\Users\ftt\working\By-Mistake\backup\03-04-2026-01-48-53-PM\rp3_prod_environment-03-04-2026-01-59-52PM\rp3_tenants_prod-03-04-2026-02-03-03PM
[2026-04-03T08:33:04.999Z] [INFO ] Schemas found (2): public, rp

────────────────────────────────────────────────────────────
  Schema: rp3_tenants_prod / public
────────────────────────────────────────────────────────────
[2026-04-03T08:33:05.045Z] [INFO ] Started  :  2026-04-03T08:33:05.045Z
[2026-04-03T08:33:05.048Z] [INFO ] DB       :  rp3_tenants_prod
[2026-04-03T08:33:05.050Z] [INFO ] Schema   :  public
[2026-04-03T08:33:05.052Z] [INFO ] Folder   :  C:\Users\ftt\working\By-Mistake\backup\03-04-2026-01-48-53-PM\rp3_prod_environment-03-04-2026-01-59-52PM\rp3_tenants_prod-03-04-2026-02-03-03PM\public
[2026-04-03T08:33:05.055Z] [INFO ] pg_dump -Fc  →  C:\Users\ftt\working\By-Mistake\backup\03-04-2026-01-48-53-PM\rp3_prod_environment-03-04-2026-01-59-52PM\rp3_tenants_prod-03-04-2026-02-03-03PM\public\dump_public.dump
[2026-04-03T08:33:18.517Z] [OK   ] Custom dump complete  |  size: 1.2 KB  |  file: C:\Users\ftt\working\By-Mistake\backup\03-04-2026-01-48-53-PM\rp3_prod_environment-03-04-2026-01-59-52PM\rp3_tenants_prod-03-04-2026-02-03-03PM\public\dump_public.dump
[2026-04-03T08:33:18.520Z] [INFO ] Finished :  2026-04-03T08:33:18.520Z  |  status: OK

────────────────────────────────────────────────────────────
  Schema: rp3_tenants_prod / rp
────────────────────────────────────────────────────────────
[2026-04-03T08:33:18.528Z] [INFO ] Started  :  2026-04-03T08:33:18.527Z
[2026-04-03T08:33:18.531Z] [INFO ] DB       :  rp3_tenants_prod
[2026-04-03T08:33:18.534Z] [INFO ] Schema   :  rp
[2026-04-03T08:33:18.536Z] [INFO ] Folder   :  C:\Users\ftt\working\By-Mistake\backup\03-04-2026-01-48-53-PM\rp3_prod_environment-03-04-2026-01-59-52PM\rp3_tenants_prod-03-04-2026-02-03-03PM\rp
[2026-04-03T08:33:18.540Z] [INFO ] pg_dump -Fc  →  C:\Users\ftt\working\By-Mistake\backup\03-04-2026-01-48-53-PM\rp3_prod_environment-03-04-2026-01-59-52PM\rp3_tenants_prod-03-04-2026-02-03-03PM\rp\dump_rp.dump
[2026-04-03T08:33:31.357Z] [OK   ] Custom dump complete  |  size: 61.5 KB  |  file: C:\Users\ftt\working\By-Mistake\backup\03-04-2026-01-48-53-PM\rp3_prod_environment-03-04-2026-01-59-52PM\rp3_tenants_prod-03-04-2026-02-03-03PM\rp\dump_rp.dump
[2026-04-03T08:33:31.360Z] [INFO ] Finished :  2026-04-03T08:33:31.360Z  |  status: OK
[2026-04-03T08:33:31.364Z] [INFO ] Schemas backed up: 2 / 2
[2026-04-03T08:33:31.367Z] [INFO ] Finished  :  2026-04-03T08:33:31.366Z  |  status: OK
