
────────────────────────────────────────────────────────────
  Database: rp3_prod
────────────────────────────────────────────────────────────
[2026-04-03T05:19:43.855Z] [INFO ] Started   :  2026-04-03T05:19:43.855Z
[2026-04-03T05:19:43.856Z] [INFO ] Database  :  rp3_prod
[2026-04-03T05:19:43.857Z] [INFO ] Folder    :  C:\Users\ftt\working\By-Mistake\backup\03-04-2026-10-35-08-AM\rp3_prod_environment-03-04-2026-10-49-42AM\rp3_prod-03-04-2026-10-49-43AM
[2026-04-03T05:19:44.815Z] [INFO ] Schemas found (5): berkley, public, rp, sabeo, verticalmarket

────────────────────────────────────────────────────────────
  Schema: rp3_prod / berkley
────────────────────────────────────────────────────────────
[2026-04-03T05:19:44.831Z] [INFO ] Started  :  2026-04-03T05:19:44.830Z
[2026-04-03T05:19:44.831Z] [INFO ] DB       :  rp3_prod
[2026-04-03T05:19:44.833Z] [INFO ] Schema   :  berkley
[2026-04-03T05:19:44.835Z] [INFO ] Folder   :  C:\Users\ftt\working\By-Mistake\backup\03-04-2026-10-35-08-AM\rp3_prod_environment-03-04-2026-10-49-42AM\rp3_prod-03-04-2026-10-49-43AM\berkley
[2026-04-03T05:19:44.837Z] [INFO ] pg_dump -Fc  →  C:\Users\ftt\working\By-Mistake\backup\03-04-2026-10-35-08-AM\rp3_prod_environment-03-04-2026-10-49-42AM\rp3_prod-03-04-2026-10-49-43AM\berkley\dump_berkley.dump
[2026-04-03T05:20:24.700Z] [OK   ] Custom dump complete  |  size: 900.2 KB  |  file: C:\Users\ftt\working\By-Mistake\backup\03-04-2026-10-35-08-AM\rp3_prod_environment-03-04-2026-10-49-42AM\rp3_prod-03-04-2026-10-49-43AM\berkley\dump_berkley.dump
[2026-04-03T05:20:24.702Z] [INFO ] Finished :  2026-04-03T05:20:24.701Z  |  status: OK

────────────────────────────────────────────────────────────
  Schema: rp3_prod / public
────────────────────────────────────────────────────────────
[2026-04-03T05:20:24.706Z] [INFO ] Started  :  2026-04-03T05:20:24.706Z
[2026-04-03T05:20:24.707Z] [INFO ] DB       :  rp3_prod
[2026-04-03T05:20:24.709Z] [INFO ] Schema   :  public
[2026-04-03T05:20:24.710Z] [INFO ] Folder   :  C:\Users\ftt\working\By-Mistake\backup\03-04-2026-10-35-08-AM\rp3_prod_environment-03-04-2026-10-49-42AM\rp3_prod-03-04-2026-10-49-43AM\public
[2026-04-03T05:20:24.712Z] [INFO ] pg_dump -Fc  →  C:\Users\ftt\working\By-Mistake\backup\03-04-2026-10-35-08-AM\rp3_prod_environment-03-04-2026-10-49-42AM\rp3_prod-03-04-2026-10-49-43AM\public\dump_public.dump
[2026-04-03T05:20:42.326Z] [OK   ] Custom dump complete  |  size: 40.2 KB  |  file: C:\Users\ftt\working\By-Mistake\backup\03-04-2026-10-35-08-AM\rp3_prod_environment-03-04-2026-10-49-42AM\rp3_prod-03-04-2026-10-49-43AM\public\dump_public.dump
[2026-04-03T05:20:42.327Z] [INFO ] Finished :  2026-04-03T05:20:42.327Z  |  status: OK

────────────────────────────────────────────────────────────
  Schema: rp3_prod / rp
────────────────────────────────────────────────────────────
[2026-04-03T05:20:42.331Z] [INFO ] Started  :  2026-04-03T05:20:42.330Z
[2026-04-03T05:20:42.332Z] [INFO ] DB       :  rp3_prod
[2026-04-03T05:20:42.334Z] [INFO ] Schema   :  rp
[2026-04-03T05:20:42.336Z] [INFO ] Folder   :  C:\Users\ftt\working\By-Mistake\backup\03-04-2026-10-35-08-AM\rp3_prod_environment-03-04-2026-10-49-42AM\rp3_prod-03-04-2026-10-49-43AM\rp
[2026-04-03T05:20:42.338Z] [INFO ] pg_dump -Fc  →  C:\Users\ftt\working\By-Mistake\backup\03-04-2026-10-35-08-AM\rp3_prod_environment-03-04-2026-10-49-42AM\rp3_prod-03-04-2026-10-49-43AM\rp\dump_rp.dump
[2026-04-03T05:21:17.720Z] [OK   ] Custom dump complete  |  size: 1348.7 KB  |  file: C:\Users\ftt\working\By-Mistake\backup\03-04-2026-10-35-08-AM\rp3_prod_environment-03-04-2026-10-49-42AM\rp3_prod-03-04-2026-10-49-43AM\rp\dump_rp.dump
[2026-04-03T05:21:17.722Z] [INFO ] Finished :  2026-04-03T05:21:17.722Z  |  status: OK

────────────────────────────────────────────────────────────
  Schema: rp3_prod / sabeo
────────────────────────────────────────────────────────────
[2026-04-03T05:21:17.726Z] [INFO ] Started  :  2026-04-03T05:21:17.726Z
[2026-04-03T05:21:17.728Z] [INFO ] DB       :  rp3_prod
[2026-04-03T05:21:17.729Z] [INFO ] Schema   :  sabeo
[2026-04-03T05:21:17.730Z] [INFO ] Folder   :  C:\Users\ftt\working\By-Mistake\backup\03-04-2026-10-35-08-AM\rp3_prod_environment-03-04-2026-10-49-42AM\rp3_prod-03-04-2026-10-49-43AM\sabeo
[2026-04-03T05:21:17.732Z] [INFO ] pg_dump -Fc  →  C:\Users\ftt\working\By-Mistake\backup\03-04-2026-10-35-08-AM\rp3_prod_environment-03-04-2026-10-49-42AM\rp3_prod-03-04-2026-10-49-43AM\sabeo\dump_sabeo.dump
[2026-04-03T05:22:05.064Z] [OK   ] Custom dump complete  |  size: 1333.6 KB  |  file: C:\Users\ftt\working\By-Mistake\backup\03-04-2026-10-35-08-AM\rp3_prod_environment-03-04-2026-10-49-42AM\rp3_prod-03-04-2026-10-49-43AM\sabeo\dump_sabeo.dump
[2026-04-03T05:22:05.066Z] [INFO ] Finished :  2026-04-03T05:22:05.065Z  |  status: OK

────────────────────────────────────────────────────────────
  Schema: rp3_prod / verticalmarket
────────────────────────────────────────────────────────────
[2026-04-03T05:22:05.070Z] [INFO ] Started  :  2026-04-03T05:22:05.070Z
[2026-04-03T05:22:05.072Z] [INFO ] DB       :  rp3_prod
[2026-04-03T05:22:05.072Z] [INFO ] Schema   :  verticalmarket
[2026-04-03T05:22:05.074Z] [INFO ] Folder   :  C:\Users\ftt\working\By-Mistake\backup\03-04-2026-10-35-08-AM\rp3_prod_environment-03-04-2026-10-49-42AM\rp3_prod-03-04-2026-10-49-43AM\verticalmarket
[2026-04-03T05:22:05.076Z] [INFO ] pg_dump -Fc  →  C:\Users\ftt\working\By-Mistake\backup\03-04-2026-10-35-08-AM\rp3_prod_environment-03-04-2026-10-49-42AM\rp3_prod-03-04-2026-10-49-43AM\verticalmarket\dump_verticalmarket.dump
[2026-04-03T05:23:07.347Z] [OK   ] Custom dump complete  |  size: 1152.6 KB  |  file: C:\Users\ftt\working\By-Mistake\backup\03-04-2026-10-35-08-AM\rp3_prod_environment-03-04-2026-10-49-42AM\rp3_prod-03-04-2026-10-49-43AM\verticalmarket\dump_verticalmarket.dump
[2026-04-03T05:23:07.348Z] [INFO ] Finished :  2026-04-03T05:23:07.348Z  |  status: OK
[2026-04-03T05:23:07.350Z] [INFO ] Schemas backed up: 5 / 5
[2026-04-03T05:23:07.351Z] [INFO ] Finished  :  2026-04-03T05:23:07.351Z  |  status: OK
