
────────────────────────────────────────────────────────────
  Database: rp3_tenants_prod
────────────────────────────────────────────────────────────
[2026-04-02T08:23:23.242Z] [INFO ] Started   :  2026-04-02T08:23:23.242Z
[2026-04-02T08:23:23.243Z] [INFO ] Database  :  rp3_tenants_prod
[2026-04-02T08:23:23.243Z] [INFO ] Folder    :  C:\Users\ftt\working\By-Mistake\backup\02-04-2026-01-40-46-PM\rp3_prod_environment-02-04-2026-01-50-30PM\rp3_tenants_prod-02-04-2026-01-53-23PM
[2026-04-02T08:23:24.527Z] [INFO ] Schemas found (2): public, rp

────────────────────────────────────────────────────────────
  Schema: rp3_tenants_prod / public
────────────────────────────────────────────────────────────
[2026-04-02T08:23:24.530Z] [INFO ] Started  :  2026-04-02T08:23:24.530Z
[2026-04-02T08:23:24.531Z] [INFO ] DB       :  rp3_tenants_prod
[2026-04-02T08:23:24.532Z] [INFO ] Schema   :  public
[2026-04-02T08:23:24.533Z] [INFO ] Folder   :  C:\Users\ftt\working\By-Mistake\backup\02-04-2026-01-40-46-PM\rp3_prod_environment-02-04-2026-01-50-30PM\rp3_tenants_prod-02-04-2026-01-53-23PM\public
[2026-04-02T08:23:24.535Z] [INFO ] pg_dump -Fc  →  C:\Users\ftt\working\By-Mistake\backup\02-04-2026-01-40-46-PM\rp3_prod_environment-02-04-2026-01-50-30PM\rp3_tenants_prod-02-04-2026-01-53-23PM\public\dump_public.dump
[2026-04-02T08:23:36.866Z] [OK   ] Custom dump complete  |  size: 1.2 KB  |  file: C:\Users\ftt\working\By-Mistake\backup\02-04-2026-01-40-46-PM\rp3_prod_environment-02-04-2026-01-50-30PM\rp3_tenants_prod-02-04-2026-01-53-23PM\public\dump_public.dump
[2026-04-02T08:23:36.867Z] [INFO ] Finished :  2026-04-02T08:23:36.867Z  |  status: OK

────────────────────────────────────────────────────────────
  Schema: rp3_tenants_prod / rp
────────────────────────────────────────────────────────────
[2026-04-02T08:23:36.870Z] [INFO ] Started  :  2026-04-02T08:23:36.870Z
[2026-04-02T08:23:36.871Z] [INFO ] DB       :  rp3_tenants_prod
[2026-04-02T08:23:36.873Z] [INFO ] Schema   :  rp
[2026-04-02T08:23:36.873Z] [INFO ] Folder   :  C:\Users\ftt\working\By-Mistake\backup\02-04-2026-01-40-46-PM\rp3_prod_environment-02-04-2026-01-50-30PM\rp3_tenants_prod-02-04-2026-01-53-23PM\rp
[2026-04-02T08:23:36.874Z] [INFO ] pg_dump -Fc  →  C:\Users\ftt\working\By-Mistake\backup\02-04-2026-01-40-46-PM\rp3_prod_environment-02-04-2026-01-50-30PM\rp3_tenants_prod-02-04-2026-01-53-23PM\rp\dump_rp.dump
[2026-04-02T08:23:50.542Z] [OK   ] Custom dump complete  |  size: 61.5 KB  |  file: C:\Users\ftt\working\By-Mistake\backup\02-04-2026-01-40-46-PM\rp3_prod_environment-02-04-2026-01-50-30PM\rp3_tenants_prod-02-04-2026-01-53-23PM\rp\dump_rp.dump
[2026-04-02T08:23:50.543Z] [INFO ] Finished :  2026-04-02T08:23:50.542Z  |  status: OK
[2026-04-02T08:23:50.543Z] [INFO ] Schemas backed up: 2 / 2
[2026-04-02T08:23:50.544Z] [INFO ] Finished  :  2026-04-02T08:23:50.544Z  |  status: OK
