
────────────────────────────────────────────────────────────
  Connection: rp3_prod_environment
────────────────────────────────────────────────────────────
[2026-04-07T12:11:55.500Z] [INFO ] Run started    :  2026-04-07T12:11:55.500Z
[2026-04-07T12:11:55.501Z] [INFO ] Connection     :  rp3_prod_environment
[2026-04-07T12:11:55.502Z] [INFO ] Host           :  rp3-db-do-user-14077292-0.f.db.ondigitalocean.com:25060
[2026-04-07T12:11:55.503Z] [INFO ] User           :  rp3_prod_user
[2026-04-07T12:11:55.504Z] [INFO ] Run root       :  C:\Users\ftt\working\By-Mistake\backup\07-04-2026-05-29-14-PM
[2026-04-07T12:11:55.505Z] [INFO ] Backup folder  :  C:\Users\ftt\working\By-Mistake\backup\07-04-2026-05-29-14-PM\rp3_prod_environment-07-04-2026-05-41-55PM
[2026-04-07T12:11:55.506Z] [INFO ] Log file       :  C:\Users\ftt\working\By-Mistake\backup\07-04-2026-05-29-14-PM\rp3_prod_environment-07-04-2026-05-41-55PM\logs\run.log
[2026-04-07T12:11:56.996Z] [INFO ] Databases on server (6): _dodb, defaultdb, rp3_prod, rp3_tenants_prod, rp3devdb, rp3tenantsdevdb
[2026-04-07T12:11:56.997Z] [INFO ] Filtered to (2): rp3_prod, rp3_tenants_prod
[2026-04-07T12:11:56.998Z] [INFO ] --- Starting database: rp3_prod

────────────────────────────────────────────────────────────
  Database: rp3_prod
────────────────────────────────────────────────────────────
[2026-04-07T12:11:57.002Z] [INFO ] Started   :  2026-04-07T12:11:57.001Z
[2026-04-07T12:11:57.003Z] [INFO ] Database  :  rp3_prod
[2026-04-07T12:11:57.004Z] [INFO ] Folder    :  C:\Users\ftt\working\By-Mistake\backup\07-04-2026-05-29-14-PM\rp3_prod_environment-07-04-2026-05-41-55PM\rp3_prod-07-04-2026-05-41-56PM
[2026-04-07T12:11:58.335Z] [INFO ] Schemas found (5): berkley, public, rp, sabeo, verticalmarket

────────────────────────────────────────────────────────────
  Schema: rp3_prod / berkley
────────────────────────────────────────────────────────────
[2026-04-07T12:11:58.350Z] [INFO ] Started  :  2026-04-07T12:11:58.349Z
[2026-04-07T12:11:58.352Z] [INFO ] DB       :  rp3_prod
[2026-04-07T12:11:58.353Z] [INFO ] Schema   :  berkley
[2026-04-07T12:11:58.355Z] [INFO ] Folder   :  C:\Users\ftt\working\By-Mistake\backup\07-04-2026-05-29-14-PM\rp3_prod_environment-07-04-2026-05-41-55PM\rp3_prod-07-04-2026-05-41-56PM\berkley
[2026-04-07T12:11:58.357Z] [INFO ] pg_dump -Fc  →  C:\Users\ftt\working\By-Mistake\backup\07-04-2026-05-29-14-PM\rp3_prod_environment-07-04-2026-05-41-55PM\rp3_prod-07-04-2026-05-41-56PM\berkley\dump_berkley.dump
[2026-04-07T12:12:35.877Z] [OK   ] Custom dump complete  |  size: 900.2 KB  |  file: C:\Users\ftt\working\By-Mistake\backup\07-04-2026-05-29-14-PM\rp3_prod_environment-07-04-2026-05-41-55PM\rp3_prod-07-04-2026-05-41-56PM\berkley\dump_berkley.dump
[2026-04-07T12:12:35.879Z] [INFO ] Finished :  2026-04-07T12:12:35.879Z  |  status: OK

────────────────────────────────────────────────────────────
  Schema: rp3_prod / public
────────────────────────────────────────────────────────────
[2026-04-07T12:12:35.881Z] [INFO ] Started  :  2026-04-07T12:12:35.881Z
[2026-04-07T12:12:35.883Z] [INFO ] DB       :  rp3_prod
[2026-04-07T12:12:35.884Z] [INFO ] Schema   :  public
[2026-04-07T12:12:35.886Z] [INFO ] Folder   :  C:\Users\ftt\working\By-Mistake\backup\07-04-2026-05-29-14-PM\rp3_prod_environment-07-04-2026-05-41-55PM\rp3_prod-07-04-2026-05-41-56PM\public
[2026-04-07T12:12:35.889Z] [INFO ] pg_dump -Fc  →  C:\Users\ftt\working\By-Mistake\backup\07-04-2026-05-29-14-PM\rp3_prod_environment-07-04-2026-05-41-55PM\rp3_prod-07-04-2026-05-41-56PM\public\dump_public.dump
[2026-04-07T12:12:51.624Z] [OK   ] Custom dump complete  |  size: 40.2 KB  |  file: C:\Users\ftt\working\By-Mistake\backup\07-04-2026-05-29-14-PM\rp3_prod_environment-07-04-2026-05-41-55PM\rp3_prod-07-04-2026-05-41-56PM\public\dump_public.dump
[2026-04-07T12:12:51.626Z] [INFO ] Finished :  2026-04-07T12:12:51.626Z  |  status: OK

────────────────────────────────────────────────────────────
  Schema: rp3_prod / rp
────────────────────────────────────────────────────────────
[2026-04-07T12:12:51.630Z] [INFO ] Started  :  2026-04-07T12:12:51.630Z
[2026-04-07T12:12:51.632Z] [INFO ] DB       :  rp3_prod
[2026-04-07T12:12:51.633Z] [INFO ] Schema   :  rp
[2026-04-07T12:12:51.635Z] [INFO ] Folder   :  C:\Users\ftt\working\By-Mistake\backup\07-04-2026-05-29-14-PM\rp3_prod_environment-07-04-2026-05-41-55PM\rp3_prod-07-04-2026-05-41-56PM\rp
[2026-04-07T12:12:51.636Z] [INFO ] pg_dump -Fc  →  C:\Users\ftt\working\By-Mistake\backup\07-04-2026-05-29-14-PM\rp3_prod_environment-07-04-2026-05-41-55PM\rp3_prod-07-04-2026-05-41-56PM\rp\dump_rp.dump
[2026-04-07T12:13:40.605Z] [OK   ] Custom dump complete  |  size: 1348.7 KB  |  file: C:\Users\ftt\working\By-Mistake\backup\07-04-2026-05-29-14-PM\rp3_prod_environment-07-04-2026-05-41-55PM\rp3_prod-07-04-2026-05-41-56PM\rp\dump_rp.dump
[2026-04-07T12:13:40.607Z] [INFO ] Finished :  2026-04-07T12:13:40.607Z  |  status: OK

────────────────────────────────────────────────────────────
  Schema: rp3_prod / sabeo
────────────────────────────────────────────────────────────
[2026-04-07T12:13:40.611Z] [INFO ] Started  :  2026-04-07T12:13:40.611Z
[2026-04-07T12:13:40.612Z] [INFO ] DB       :  rp3_prod
[2026-04-07T12:13:40.614Z] [INFO ] Schema   :  sabeo
[2026-04-07T12:13:40.615Z] [INFO ] Folder   :  C:\Users\ftt\working\By-Mistake\backup\07-04-2026-05-29-14-PM\rp3_prod_environment-07-04-2026-05-41-55PM\rp3_prod-07-04-2026-05-41-56PM\sabeo
[2026-04-07T12:13:40.618Z] [INFO ] pg_dump -Fc  →  C:\Users\ftt\working\By-Mistake\backup\07-04-2026-05-29-14-PM\rp3_prod_environment-07-04-2026-05-41-55PM\rp3_prod-07-04-2026-05-41-56PM\sabeo\dump_sabeo.dump
[2026-04-07T12:14:39.342Z] [OK   ] Custom dump complete  |  size: 1355.6 KB  |  file: C:\Users\ftt\working\By-Mistake\backup\07-04-2026-05-29-14-PM\rp3_prod_environment-07-04-2026-05-41-55PM\rp3_prod-07-04-2026-05-41-56PM\sabeo\dump_sabeo.dump
[2026-04-07T12:14:39.343Z] [INFO ] Finished :  2026-04-07T12:14:39.342Z  |  status: OK

────────────────────────────────────────────────────────────
  Schema: rp3_prod / verticalmarket
────────────────────────────────────────────────────────────
[2026-04-07T12:14:39.345Z] [INFO ] Started  :  2026-04-07T12:14:39.345Z
[2026-04-07T12:14:39.346Z] [INFO ] DB       :  rp3_prod
[2026-04-07T12:14:39.347Z] [INFO ] Schema   :  verticalmarket
[2026-04-07T12:14:39.347Z] [INFO ] Folder   :  C:\Users\ftt\working\By-Mistake\backup\07-04-2026-05-29-14-PM\rp3_prod_environment-07-04-2026-05-41-55PM\rp3_prod-07-04-2026-05-41-56PM\verticalmarket
[2026-04-07T12:14:39.348Z] [INFO ] pg_dump -Fc  →  C:\Users\ftt\working\By-Mistake\backup\07-04-2026-05-29-14-PM\rp3_prod_environment-07-04-2026-05-41-55PM\rp3_prod-07-04-2026-05-41-56PM\verticalmarket\dump_verticalmarket.dump
[2026-04-07T12:15:20.769Z] [OK   ] Custom dump complete  |  size: 1152.6 KB  |  file: C:\Users\ftt\working\By-Mistake\backup\07-04-2026-05-29-14-PM\rp3_prod_environment-07-04-2026-05-41-55PM\rp3_prod-07-04-2026-05-41-56PM\verticalmarket\dump_verticalmarket.dump
[2026-04-07T12:15:20.770Z] [INFO ] Finished :  2026-04-07T12:15:20.770Z  |  status: OK
[2026-04-07T12:15:20.771Z] [INFO ] Schemas backed up: 5 / 5
[2026-04-07T12:15:20.772Z] [INFO ] Finished  :  2026-04-07T12:15:20.772Z  |  status: OK
[2026-04-07T12:15:20.773Z] [INFO ] --- Finished database: rp3_prod  |  status: OK
[2026-04-07T12:15:20.774Z] [INFO ] --- Starting database: rp3_tenants_prod

────────────────────────────────────────────────────────────
  Database: rp3_tenants_prod
────────────────────────────────────────────────────────────
[2026-04-07T12:15:20.776Z] [INFO ] Started   :  2026-04-07T12:15:20.776Z
[2026-04-07T12:15:20.778Z] [INFO ] Database  :  rp3_tenants_prod
[2026-04-07T12:15:20.779Z] [INFO ] Folder    :  C:\Users\ftt\working\By-Mistake\backup\07-04-2026-05-29-14-PM\rp3_prod_environment-07-04-2026-05-41-55PM\rp3_tenants_prod-07-04-2026-05-45-20PM
[2026-04-07T12:15:22.037Z] [INFO ] Schemas found (2): public, rp

────────────────────────────────────────────────────────────
  Schema: rp3_tenants_prod / public
────────────────────────────────────────────────────────────
[2026-04-07T12:15:22.041Z] [INFO ] Started  :  2026-04-07T12:15:22.040Z
[2026-04-07T12:15:22.042Z] [INFO ] DB       :  rp3_tenants_prod
[2026-04-07T12:15:22.044Z] [INFO ] Schema   :  public
[2026-04-07T12:15:22.045Z] [INFO ] Folder   :  C:\Users\ftt\working\By-Mistake\backup\07-04-2026-05-29-14-PM\rp3_prod_environment-07-04-2026-05-41-55PM\rp3_tenants_prod-07-04-2026-05-45-20PM\public
[2026-04-07T12:15:22.046Z] [INFO ] pg_dump -Fc  →  C:\Users\ftt\working\By-Mistake\backup\07-04-2026-05-29-14-PM\rp3_prod_environment-07-04-2026-05-41-55PM\rp3_tenants_prod-07-04-2026-05-45-20PM\public\dump_public.dump
[2026-04-07T12:42:23.199Z] [ERROR] pg_dump -Fc FAILED: pg_dump: error: query failed: server closed the connection unexpectedly
	This probably means the server terminated abnormally
	before or while processing the request.
server closed the connection unexpectedly
	This probably means the server terminated abnormally
	before or while processing the request.
pg_dump: detail: Query was: SELECT partrelid FROM pg_partitioned_table WHERE
(SELECT c.oid FROM pg_opclass c JOIN pg_am a ON c.opcmethod = a.oid
WHERE opcname = 'enum_ops' AND opcnamespace = 'pg_catalog'::regnamespace AND amname = 'hash') = ANY(partclass)
[2026-04-07T12:42:23.201Z] [INFO ] Finished :  2026-04-07T12:42:23.200Z  |  status: FAILED

────────────────────────────────────────────────────────────
  Schema: rp3_tenants_prod / rp
────────────────────────────────────────────────────────────
[2026-04-07T12:42:23.204Z] [INFO ] Started  :  2026-04-07T12:42:23.203Z
[2026-04-07T12:42:23.205Z] [INFO ] DB       :  rp3_tenants_prod
[2026-04-07T12:42:23.205Z] [INFO ] Schema   :  rp
[2026-04-07T12:42:23.206Z] [INFO ] Folder   :  C:\Users\ftt\working\By-Mistake\backup\07-04-2026-05-29-14-PM\rp3_prod_environment-07-04-2026-05-41-55PM\rp3_tenants_prod-07-04-2026-05-45-20PM\rp
[2026-04-07T12:42:23.219Z] [INFO ] pg_dump -Fc  →  C:\Users\ftt\working\By-Mistake\backup\07-04-2026-05-29-14-PM\rp3_prod_environment-07-04-2026-05-41-55PM\rp3_tenants_prod-07-04-2026-05-45-20PM\rp\dump_rp.dump
[2026-04-07T12:42:47.110Z] [OK   ] Custom dump complete  |  size: 61.5 KB  |  file: C:\Users\ftt\working\By-Mistake\backup\07-04-2026-05-29-14-PM\rp3_prod_environment-07-04-2026-05-41-55PM\rp3_tenants_prod-07-04-2026-05-45-20PM\rp\dump_rp.dump
[2026-04-07T12:42:47.112Z] [INFO ] Finished :  2026-04-07T12:42:47.112Z  |  status: OK
[2026-04-07T12:42:47.114Z] [INFO ] Schemas backed up: 1 / 2
[2026-04-07T12:42:47.114Z] [INFO ] Finished  :  2026-04-07T12:42:47.114Z  |  status: PARTIAL
[2026-04-07T12:42:47.116Z] [INFO ] --- Finished database: rp3_tenants_prod  |  status: FAILED/PARTIAL
[2026-04-07T12:42:47.117Z] [INFO ] Databases backed up: 1 / 2
[2026-04-07T12:42:47.117Z] [INFO ] Run finished   :  2026-04-07T12:42:47.117Z  |  status: PARTIAL/FAILED
