
────────────────────────────────────────────────────────────
  Database: rp3_tenants_prod
────────────────────────────────────────────────────────────
[2026-04-09T11:23:16.851Z] [INFO ] Started   :  2026-04-09T11:23:16.851Z
[2026-04-09T11:23:16.851Z] [INFO ] Database  :  rp3_tenants_prod
[2026-04-09T11:23:16.852Z] [INFO ] Folder    :  C:\Users\ftt\working\By-Mistake\backup\09-04-2026-04-37-44-PM\rp3_prod_environment-09-04-2026-04-49-41PM\rp3_tenants_prod-09-04-2026-04-53-16PM
[2026-04-09T11:23:18.241Z] [INFO ] Schemas found (2): public, rp

────────────────────────────────────────────────────────────
  Schema: rp3_tenants_prod / public
────────────────────────────────────────────────────────────
[2026-04-09T11:23:18.257Z] [INFO ] Started  :  2026-04-09T11:23:18.256Z
[2026-04-09T11:23:18.258Z] [INFO ] DB       :  rp3_tenants_prod
[2026-04-09T11:23:18.259Z] [INFO ] Schema   :  public
[2026-04-09T11:23:18.260Z] [INFO ] Folder   :  C:\Users\ftt\working\By-Mistake\backup\09-04-2026-04-37-44-PM\rp3_prod_environment-09-04-2026-04-49-41PM\rp3_tenants_prod-09-04-2026-04-53-16PM\public
[2026-04-09T11:23:18.261Z] [INFO ] pg_dump -Fc  →  C:\Users\ftt\working\By-Mistake\backup\09-04-2026-04-37-44-PM\rp3_prod_environment-09-04-2026-04-49-41PM\rp3_tenants_prod-09-04-2026-04-53-16PM\public\dump_public.dump
[2026-04-09T11:23:32.680Z] [OK   ] Custom dump complete  |  size: 1.2 KB  |  file: C:\Users\ftt\working\By-Mistake\backup\09-04-2026-04-37-44-PM\rp3_prod_environment-09-04-2026-04-49-41PM\rp3_tenants_prod-09-04-2026-04-53-16PM\public\dump_public.dump
[2026-04-09T11:23:32.681Z] [INFO ] Finished :  2026-04-09T11:23:32.681Z  |  status: OK

────────────────────────────────────────────────────────────
  Schema: rp3_tenants_prod / rp
────────────────────────────────────────────────────────────
[2026-04-09T11:23:32.683Z] [INFO ] Started  :  2026-04-09T11:23:32.683Z
[2026-04-09T11:23:32.684Z] [INFO ] DB       :  rp3_tenants_prod
[2026-04-09T11:23:32.684Z] [INFO ] Schema   :  rp
[2026-04-09T11:23:32.685Z] [INFO ] Folder   :  C:\Users\ftt\working\By-Mistake\backup\09-04-2026-04-37-44-PM\rp3_prod_environment-09-04-2026-04-49-41PM\rp3_tenants_prod-09-04-2026-04-53-16PM\rp
[2026-04-09T11:23:32.686Z] [INFO ] pg_dump -Fc  →  C:\Users\ftt\working\By-Mistake\backup\09-04-2026-04-37-44-PM\rp3_prod_environment-09-04-2026-04-49-41PM\rp3_tenants_prod-09-04-2026-04-53-16PM\rp\dump_rp.dump
[2026-04-09T11:23:47.384Z] [OK   ] Custom dump complete  |  size: 61.5 KB  |  file: C:\Users\ftt\working\By-Mistake\backup\09-04-2026-04-37-44-PM\rp3_prod_environment-09-04-2026-04-49-41PM\rp3_tenants_prod-09-04-2026-04-53-16PM\rp\dump_rp.dump
[2026-04-09T11:23:47.385Z] [INFO ] Finished :  2026-04-09T11:23:47.384Z  |  status: OK
[2026-04-09T11:23:47.386Z] [INFO ] Schemas backed up: 2 / 2
[2026-04-09T11:23:47.387Z] [INFO ] Finished  :  2026-04-09T11:23:47.387Z  |  status: OK
