
────────────────────────────────────────────────────────────
  Database: rp3_tenants_prod
────────────────────────────────────────────────────────────
[2026-04-07T12:15:20.776Z] [INFO ] Started   :  2026-04-07T12:15:20.776Z
[2026-04-07T12:15:20.778Z] [INFO ] Database  :  rp3_tenants_prod
[2026-04-07T12:15:20.779Z] [INFO ] Folder    :  C:\Users\ftt\working\By-Mistake\backup\07-04-2026-05-29-14-PM\rp3_prod_environment-07-04-2026-05-41-55PM\rp3_tenants_prod-07-04-2026-05-45-20PM
[2026-04-07T12:15:22.037Z] [INFO ] Schemas found (2): public, rp

────────────────────────────────────────────────────────────
  Schema: rp3_tenants_prod / public
────────────────────────────────────────────────────────────
[2026-04-07T12:15:22.041Z] [INFO ] Started  :  2026-04-07T12:15:22.040Z
[2026-04-07T12:15:22.042Z] [INFO ] DB       :  rp3_tenants_prod
[2026-04-07T12:15:22.044Z] [INFO ] Schema   :  public
[2026-04-07T12:15:22.045Z] [INFO ] Folder   :  C:\Users\ftt\working\By-Mistake\backup\07-04-2026-05-29-14-PM\rp3_prod_environment-07-04-2026-05-41-55PM\rp3_tenants_prod-07-04-2026-05-45-20PM\public
[2026-04-07T12:15:22.046Z] [INFO ] pg_dump -Fc  →  C:\Users\ftt\working\By-Mistake\backup\07-04-2026-05-29-14-PM\rp3_prod_environment-07-04-2026-05-41-55PM\rp3_tenants_prod-07-04-2026-05-45-20PM\public\dump_public.dump
[2026-04-07T12:42:23.199Z] [ERROR] pg_dump -Fc FAILED: pg_dump: error: query failed: server closed the connection unexpectedly
	This probably means the server terminated abnormally
	before or while processing the request.
server closed the connection unexpectedly
	This probably means the server terminated abnormally
	before or while processing the request.
pg_dump: detail: Query was: SELECT partrelid FROM pg_partitioned_table WHERE
(SELECT c.oid FROM pg_opclass c JOIN pg_am a ON c.opcmethod = a.oid
WHERE opcname = 'enum_ops' AND opcnamespace = 'pg_catalog'::regnamespace AND amname = 'hash') = ANY(partclass)
[2026-04-07T12:42:23.201Z] [INFO ] Finished :  2026-04-07T12:42:23.200Z  |  status: FAILED

────────────────────────────────────────────────────────────
  Schema: rp3_tenants_prod / rp
────────────────────────────────────────────────────────────
[2026-04-07T12:42:23.204Z] [INFO ] Started  :  2026-04-07T12:42:23.203Z
[2026-04-07T12:42:23.205Z] [INFO ] DB       :  rp3_tenants_prod
[2026-04-07T12:42:23.205Z] [INFO ] Schema   :  rp
[2026-04-07T12:42:23.206Z] [INFO ] Folder   :  C:\Users\ftt\working\By-Mistake\backup\07-04-2026-05-29-14-PM\rp3_prod_environment-07-04-2026-05-41-55PM\rp3_tenants_prod-07-04-2026-05-45-20PM\rp
[2026-04-07T12:42:23.219Z] [INFO ] pg_dump -Fc  →  C:\Users\ftt\working\By-Mistake\backup\07-04-2026-05-29-14-PM\rp3_prod_environment-07-04-2026-05-41-55PM\rp3_tenants_prod-07-04-2026-05-45-20PM\rp\dump_rp.dump
[2026-04-07T12:42:47.110Z] [OK   ] Custom dump complete  |  size: 61.5 KB  |  file: C:\Users\ftt\working\By-Mistake\backup\07-04-2026-05-29-14-PM\rp3_prod_environment-07-04-2026-05-41-55PM\rp3_tenants_prod-07-04-2026-05-45-20PM\rp\dump_rp.dump
[2026-04-07T12:42:47.112Z] [INFO ] Finished :  2026-04-07T12:42:47.112Z  |  status: OK
[2026-04-07T12:42:47.114Z] [INFO ] Schemas backed up: 1 / 2
[2026-04-07T12:42:47.114Z] [INFO ] Finished  :  2026-04-07T12:42:47.114Z  |  status: PARTIAL
