
────────────────────────────────────────────────────────────
  Database: rp3_prod
────────────────────────────────────────────────────────────
[2026-04-02T08:20:31.788Z] [INFO ] Started   :  2026-04-02T08:20:31.788Z
[2026-04-02T08:20:31.789Z] [INFO ] Database  :  rp3_prod
[2026-04-02T08:20:31.789Z] [INFO ] Folder    :  C:\Users\ftt\working\By-Mistake\backup\02-04-2026-01-40-46-PM\rp3_prod_environment-02-04-2026-01-50-30PM\rp3_prod-02-04-2026-01-50-31PM
[2026-04-02T08:20:32.761Z] [INFO ] Schemas found (5): berkley, public, rp, sabeo, verticalmarket

────────────────────────────────────────────────────────────
  Schema: rp3_prod / berkley
────────────────────────────────────────────────────────────
[2026-04-02T08:20:32.776Z] [INFO ] Started  :  2026-04-02T08:20:32.776Z
[2026-04-02T08:20:32.777Z] [INFO ] DB       :  rp3_prod
[2026-04-02T08:20:32.778Z] [INFO ] Schema   :  berkley
[2026-04-02T08:20:32.780Z] [INFO ] Folder   :  C:\Users\ftt\working\By-Mistake\backup\02-04-2026-01-40-46-PM\rp3_prod_environment-02-04-2026-01-50-30PM\rp3_prod-02-04-2026-01-50-31PM\berkley
[2026-04-02T08:20:32.781Z] [INFO ] pg_dump -Fc  →  C:\Users\ftt\working\By-Mistake\backup\02-04-2026-01-40-46-PM\rp3_prod_environment-02-04-2026-01-50-30PM\rp3_prod-02-04-2026-01-50-31PM\berkley\dump_berkley.dump
[2026-04-02T08:21:11.091Z] [OK   ] Custom dump complete  |  size: 900.2 KB  |  file: C:\Users\ftt\working\By-Mistake\backup\02-04-2026-01-40-46-PM\rp3_prod_environment-02-04-2026-01-50-30PM\rp3_prod-02-04-2026-01-50-31PM\berkley\dump_berkley.dump
[2026-04-02T08:21:11.092Z] [INFO ] Finished :  2026-04-02T08:21:11.092Z  |  status: OK

────────────────────────────────────────────────────────────
  Schema: rp3_prod / public
────────────────────────────────────────────────────────────
[2026-04-02T08:21:11.094Z] [INFO ] Started  :  2026-04-02T08:21:11.094Z
[2026-04-02T08:21:11.095Z] [INFO ] DB       :  rp3_prod
[2026-04-02T08:21:11.096Z] [INFO ] Schema   :  public
[2026-04-02T08:21:11.097Z] [INFO ] Folder   :  C:\Users\ftt\working\By-Mistake\backup\02-04-2026-01-40-46-PM\rp3_prod_environment-02-04-2026-01-50-30PM\rp3_prod-02-04-2026-01-50-31PM\public
[2026-04-02T08:21:11.098Z] [INFO ] pg_dump -Fc  →  C:\Users\ftt\working\By-Mistake\backup\02-04-2026-01-40-46-PM\rp3_prod_environment-02-04-2026-01-50-30PM\rp3_prod-02-04-2026-01-50-31PM\public\dump_public.dump
[2026-04-02T08:21:27.233Z] [OK   ] Custom dump complete  |  size: 40.2 KB  |  file: C:\Users\ftt\working\By-Mistake\backup\02-04-2026-01-40-46-PM\rp3_prod_environment-02-04-2026-01-50-30PM\rp3_prod-02-04-2026-01-50-31PM\public\dump_public.dump
[2026-04-02T08:21:27.234Z] [INFO ] Finished :  2026-04-02T08:21:27.234Z  |  status: OK

────────────────────────────────────────────────────────────
  Schema: rp3_prod / rp
────────────────────────────────────────────────────────────
[2026-04-02T08:21:27.236Z] [INFO ] Started  :  2026-04-02T08:21:27.236Z
[2026-04-02T08:21:27.237Z] [INFO ] DB       :  rp3_prod
[2026-04-02T08:21:27.238Z] [INFO ] Schema   :  rp
[2026-04-02T08:21:27.239Z] [INFO ] Folder   :  C:\Users\ftt\working\By-Mistake\backup\02-04-2026-01-40-46-PM\rp3_prod_environment-02-04-2026-01-50-30PM\rp3_prod-02-04-2026-01-50-31PM\rp
[2026-04-02T08:21:27.240Z] [INFO ] pg_dump -Fc  →  C:\Users\ftt\working\By-Mistake\backup\02-04-2026-01-40-46-PM\rp3_prod_environment-02-04-2026-01-50-30PM\rp3_prod-02-04-2026-01-50-31PM\rp\dump_rp.dump
[2026-04-02T08:22:05.147Z] [OK   ] Custom dump complete  |  size: 1348.7 KB  |  file: C:\Users\ftt\working\By-Mistake\backup\02-04-2026-01-40-46-PM\rp3_prod_environment-02-04-2026-01-50-30PM\rp3_prod-02-04-2026-01-50-31PM\rp\dump_rp.dump
[2026-04-02T08:22:05.148Z] [INFO ] Finished :  2026-04-02T08:22:05.148Z  |  status: OK

────────────────────────────────────────────────────────────
  Schema: rp3_prod / sabeo
────────────────────────────────────────────────────────────
[2026-04-02T08:22:05.151Z] [INFO ] Started  :  2026-04-02T08:22:05.151Z
[2026-04-02T08:22:05.152Z] [INFO ] DB       :  rp3_prod
[2026-04-02T08:22:05.153Z] [INFO ] Schema   :  sabeo
[2026-04-02T08:22:05.154Z] [INFO ] Folder   :  C:\Users\ftt\working\By-Mistake\backup\02-04-2026-01-40-46-PM\rp3_prod_environment-02-04-2026-01-50-30PM\rp3_prod-02-04-2026-01-50-31PM\sabeo
[2026-04-02T08:22:05.156Z] [INFO ] pg_dump -Fc  →  C:\Users\ftt\working\By-Mistake\backup\02-04-2026-01-40-46-PM\rp3_prod_environment-02-04-2026-01-50-30PM\rp3_prod-02-04-2026-01-50-31PM\sabeo\dump_sabeo.dump
[2026-04-02T08:22:47.794Z] [OK   ] Custom dump complete  |  size: 1330.4 KB  |  file: C:\Users\ftt\working\By-Mistake\backup\02-04-2026-01-40-46-PM\rp3_prod_environment-02-04-2026-01-50-30PM\rp3_prod-02-04-2026-01-50-31PM\sabeo\dump_sabeo.dump
[2026-04-02T08:22:47.796Z] [INFO ] Finished :  2026-04-02T08:22:47.795Z  |  status: OK

────────────────────────────────────────────────────────────
  Schema: rp3_prod / verticalmarket
────────────────────────────────────────────────────────────
[2026-04-02T08:22:47.800Z] [INFO ] Started  :  2026-04-02T08:22:47.800Z
[2026-04-02T08:22:47.801Z] [INFO ] DB       :  rp3_prod
[2026-04-02T08:22:47.803Z] [INFO ] Schema   :  verticalmarket
[2026-04-02T08:22:47.804Z] [INFO ] Folder   :  C:\Users\ftt\working\By-Mistake\backup\02-04-2026-01-40-46-PM\rp3_prod_environment-02-04-2026-01-50-30PM\rp3_prod-02-04-2026-01-50-31PM\verticalmarket
[2026-04-02T08:22:47.806Z] [INFO ] pg_dump -Fc  →  C:\Users\ftt\working\By-Mistake\backup\02-04-2026-01-40-46-PM\rp3_prod_environment-02-04-2026-01-50-30PM\rp3_prod-02-04-2026-01-50-31PM\verticalmarket\dump_verticalmarket.dump
[2026-04-02T08:23:23.235Z] [OK   ] Custom dump complete  |  size: 1152.6 KB  |  file: C:\Users\ftt\working\By-Mistake\backup\02-04-2026-01-40-46-PM\rp3_prod_environment-02-04-2026-01-50-30PM\rp3_prod-02-04-2026-01-50-31PM\verticalmarket\dump_verticalmarket.dump
[2026-04-02T08:23:23.237Z] [INFO ] Finished :  2026-04-02T08:23:23.237Z  |  status: OK
[2026-04-02T08:23:23.239Z] [INFO ] Schemas backed up: 5 / 5
[2026-04-02T08:23:23.239Z] [INFO ] Finished  :  2026-04-02T08:23:23.239Z  |  status: OK
