
────────────────────────────────────────────────────────────
  Database: rp3_prod
────────────────────────────────────────────────────────────
[2026-04-14T10:48:34.385Z] [INFO ] Started   :  2026-04-14T10:48:34.385Z
[2026-04-14T10:48:34.387Z] [INFO ] Database  :  rp3_prod
[2026-04-14T10:48:34.388Z] [INFO ] Folder    :  C:\Users\ftt\working\By-Mistake\backup\14-04-2026-04-08-08-PM\rp3_prod_environment-14-04-2026-04-18-33PM\rp3_prod-14-04-2026-04-18-34PM
[2026-04-14T10:48:35.500Z] [INFO ] Schemas found (6): berkley, public, rp, sabeo, sabeomigration, verticalmarket

────────────────────────────────────────────────────────────
  Schema: rp3_prod / berkley
────────────────────────────────────────────────────────────
[2026-04-14T10:48:35.515Z] [INFO ] Started  :  2026-04-14T10:48:35.515Z
[2026-04-14T10:48:35.516Z] [INFO ] DB       :  rp3_prod
[2026-04-14T10:48:35.517Z] [INFO ] Schema   :  berkley
[2026-04-14T10:48:35.518Z] [INFO ] Folder   :  C:\Users\ftt\working\By-Mistake\backup\14-04-2026-04-08-08-PM\rp3_prod_environment-14-04-2026-04-18-33PM\rp3_prod-14-04-2026-04-18-34PM\berkley
[2026-04-14T10:48:35.520Z] [INFO ] pg_dump -Fc  →  C:\Users\ftt\working\By-Mistake\backup\14-04-2026-04-08-08-PM\rp3_prod_environment-14-04-2026-04-18-33PM\rp3_prod-14-04-2026-04-18-34PM\berkley\dump_berkley.dump
[2026-04-14T10:49:19.137Z] [OK   ] Custom dump complete  |  size: 900.2 KB  |  file: C:\Users\ftt\working\By-Mistake\backup\14-04-2026-04-08-08-PM\rp3_prod_environment-14-04-2026-04-18-33PM\rp3_prod-14-04-2026-04-18-34PM\berkley\dump_berkley.dump
[2026-04-14T10:49:19.139Z] [INFO ] Finished :  2026-04-14T10:49:19.139Z  |  status: OK

────────────────────────────────────────────────────────────
  Schema: rp3_prod / public
────────────────────────────────────────────────────────────
[2026-04-14T10:49:19.143Z] [INFO ] Started  :  2026-04-14T10:49:19.143Z
[2026-04-14T10:49:19.145Z] [INFO ] DB       :  rp3_prod
[2026-04-14T10:49:19.146Z] [INFO ] Schema   :  public
[2026-04-14T10:49:19.148Z] [INFO ] Folder   :  C:\Users\ftt\working\By-Mistake\backup\14-04-2026-04-08-08-PM\rp3_prod_environment-14-04-2026-04-18-33PM\rp3_prod-14-04-2026-04-18-34PM\public
[2026-04-14T10:49:19.150Z] [INFO ] pg_dump -Fc  →  C:\Users\ftt\working\By-Mistake\backup\14-04-2026-04-08-08-PM\rp3_prod_environment-14-04-2026-04-18-33PM\rp3_prod-14-04-2026-04-18-34PM\public\dump_public.dump
[2026-04-14T10:49:40.065Z] [OK   ] Custom dump complete  |  size: 40.2 KB  |  file: C:\Users\ftt\working\By-Mistake\backup\14-04-2026-04-08-08-PM\rp3_prod_environment-14-04-2026-04-18-33PM\rp3_prod-14-04-2026-04-18-34PM\public\dump_public.dump
[2026-04-14T10:49:40.067Z] [INFO ] Finished :  2026-04-14T10:49:40.066Z  |  status: OK

────────────────────────────────────────────────────────────
  Schema: rp3_prod / rp
────────────────────────────────────────────────────────────
[2026-04-14T10:49:40.070Z] [INFO ] Started  :  2026-04-14T10:49:40.070Z
[2026-04-14T10:49:40.071Z] [INFO ] DB       :  rp3_prod
[2026-04-14T10:49:40.072Z] [INFO ] Schema   :  rp
[2026-04-14T10:49:40.074Z] [INFO ] Folder   :  C:\Users\ftt\working\By-Mistake\backup\14-04-2026-04-08-08-PM\rp3_prod_environment-14-04-2026-04-18-33PM\rp3_prod-14-04-2026-04-18-34PM\rp
[2026-04-14T10:49:40.076Z] [INFO ] pg_dump -Fc  →  C:\Users\ftt\working\By-Mistake\backup\14-04-2026-04-08-08-PM\rp3_prod_environment-14-04-2026-04-18-33PM\rp3_prod-14-04-2026-04-18-34PM\rp\dump_rp.dump
[2026-04-14T10:50:38.981Z] [OK   ] Custom dump complete  |  size: 1348.7 KB  |  file: C:\Users\ftt\working\By-Mistake\backup\14-04-2026-04-08-08-PM\rp3_prod_environment-14-04-2026-04-18-33PM\rp3_prod-14-04-2026-04-18-34PM\rp\dump_rp.dump
[2026-04-14T10:50:38.982Z] [INFO ] Finished :  2026-04-14T10:50:38.982Z  |  status: OK

────────────────────────────────────────────────────────────
  Schema: rp3_prod / sabeo
────────────────────────────────────────────────────────────
[2026-04-14T10:50:38.987Z] [INFO ] Started  :  2026-04-14T10:50:38.987Z
[2026-04-14T10:50:38.988Z] [INFO ] DB       :  rp3_prod
[2026-04-14T10:50:38.989Z] [INFO ] Schema   :  sabeo
[2026-04-14T10:50:38.991Z] [INFO ] Folder   :  C:\Users\ftt\working\By-Mistake\backup\14-04-2026-04-08-08-PM\rp3_prod_environment-14-04-2026-04-18-33PM\rp3_prod-14-04-2026-04-18-34PM\sabeo
[2026-04-14T10:50:38.993Z] [INFO ] pg_dump -Fc  →  C:\Users\ftt\working\By-Mistake\backup\14-04-2026-04-08-08-PM\rp3_prod_environment-14-04-2026-04-18-33PM\rp3_prod-14-04-2026-04-18-34PM\sabeo\dump_sabeo.dump
[2026-04-14T10:51:32.082Z] [OK   ] Custom dump complete  |  size: 1280.6 KB  |  file: C:\Users\ftt\working\By-Mistake\backup\14-04-2026-04-08-08-PM\rp3_prod_environment-14-04-2026-04-18-33PM\rp3_prod-14-04-2026-04-18-34PM\sabeo\dump_sabeo.dump
[2026-04-14T10:51:32.083Z] [INFO ] Finished :  2026-04-14T10:51:32.083Z  |  status: OK

────────────────────────────────────────────────────────────
  Schema: rp3_prod / sabeomigration
────────────────────────────────────────────────────────────
[2026-04-14T10:51:32.085Z] [INFO ] Started  :  2026-04-14T10:51:32.085Z
[2026-04-14T10:51:32.086Z] [INFO ] DB       :  rp3_prod
[2026-04-14T10:51:32.087Z] [INFO ] Schema   :  sabeomigration
[2026-04-14T10:51:32.087Z] [INFO ] Folder   :  C:\Users\ftt\working\By-Mistake\backup\14-04-2026-04-08-08-PM\rp3_prod_environment-14-04-2026-04-18-33PM\rp3_prod-14-04-2026-04-18-34PM\sabeomigration
[2026-04-14T10:51:32.089Z] [INFO ] pg_dump -Fc  →  C:\Users\ftt\working\By-Mistake\backup\14-04-2026-04-08-08-PM\rp3_prod_environment-14-04-2026-04-18-33PM\rp3_prod-14-04-2026-04-18-34PM\sabeomigration\dump_sabeomigration.dump
[2026-04-14T10:52:34.718Z] [OK   ] Custom dump complete  |  size: 1284.6 KB  |  file: C:\Users\ftt\working\By-Mistake\backup\14-04-2026-04-08-08-PM\rp3_prod_environment-14-04-2026-04-18-33PM\rp3_prod-14-04-2026-04-18-34PM\sabeomigration\dump_sabeomigration.dump
[2026-04-14T10:52:34.719Z] [INFO ] Finished :  2026-04-14T10:52:34.719Z  |  status: OK

────────────────────────────────────────────────────────────
  Schema: rp3_prod / verticalmarket
────────────────────────────────────────────────────────────
[2026-04-14T10:52:34.723Z] [INFO ] Started  :  2026-04-14T10:52:34.723Z
[2026-04-14T10:52:34.725Z] [INFO ] DB       :  rp3_prod
[2026-04-14T10:52:34.727Z] [INFO ] Schema   :  verticalmarket
[2026-04-14T10:52:34.728Z] [INFO ] Folder   :  C:\Users\ftt\working\By-Mistake\backup\14-04-2026-04-08-08-PM\rp3_prod_environment-14-04-2026-04-18-33PM\rp3_prod-14-04-2026-04-18-34PM\verticalmarket
[2026-04-14T10:52:34.730Z] [INFO ] pg_dump -Fc  →  C:\Users\ftt\working\By-Mistake\backup\14-04-2026-04-08-08-PM\rp3_prod_environment-14-04-2026-04-18-33PM\rp3_prod-14-04-2026-04-18-34PM\verticalmarket\dump_verticalmarket.dump
[2026-04-14T10:53:30.933Z] [OK   ] Custom dump complete  |  size: 1285.5 KB  |  file: C:\Users\ftt\working\By-Mistake\backup\14-04-2026-04-08-08-PM\rp3_prod_environment-14-04-2026-04-18-33PM\rp3_prod-14-04-2026-04-18-34PM\verticalmarket\dump_verticalmarket.dump
[2026-04-14T10:53:30.935Z] [INFO ] Finished :  2026-04-14T10:53:30.934Z  |  status: OK
[2026-04-14T10:53:30.937Z] [INFO ] Schemas backed up: 6 / 6
[2026-04-14T10:53:30.937Z] [INFO ] Finished  :  2026-04-14T10:53:30.937Z  |  status: OK
