
────────────────────────────────────────────────────────────
  Database: rp3_prod
────────────────────────────────────────────────────────────
[2026-04-13T12:48:30.218Z] [INFO ] Started   :  2026-04-13T12:48:30.218Z
[2026-04-13T12:48:30.219Z] [INFO ] Database  :  rp3_prod
[2026-04-13T12:48:30.221Z] [INFO ] Folder    :  C:\Users\ftt\working\By-Mistake\backup\13-04-2026-06-05-47-PM\rp3_prod_environment-13-04-2026-06-18-29PM\rp3_prod-13-04-2026-06-18-30PM
[2026-04-13T12:48:31.339Z] [INFO ] Schemas found (6): berkley, public, rp, sabeo, sabeomigration, verticalmarket

────────────────────────────────────────────────────────────
  Schema: rp3_prod / berkley
────────────────────────────────────────────────────────────
[2026-04-13T12:48:31.357Z] [INFO ] Started  :  2026-04-13T12:48:31.356Z
[2026-04-13T12:48:31.359Z] [INFO ] DB       :  rp3_prod
[2026-04-13T12:48:31.361Z] [INFO ] Schema   :  berkley
[2026-04-13T12:48:31.362Z] [INFO ] Folder   :  C:\Users\ftt\working\By-Mistake\backup\13-04-2026-06-05-47-PM\rp3_prod_environment-13-04-2026-06-18-29PM\rp3_prod-13-04-2026-06-18-30PM\berkley
[2026-04-13T12:48:31.364Z] [INFO ] pg_dump -Fc  →  C:\Users\ftt\working\By-Mistake\backup\13-04-2026-06-05-47-PM\rp3_prod_environment-13-04-2026-06-18-29PM\rp3_prod-13-04-2026-06-18-30PM\berkley\dump_berkley.dump
[2026-04-13T12:49:14.488Z] [OK   ] Custom dump complete  |  size: 900.2 KB  |  file: C:\Users\ftt\working\By-Mistake\backup\13-04-2026-06-05-47-PM\rp3_prod_environment-13-04-2026-06-18-29PM\rp3_prod-13-04-2026-06-18-30PM\berkley\dump_berkley.dump
[2026-04-13T12:49:14.489Z] [INFO ] Finished :  2026-04-13T12:49:14.489Z  |  status: OK

────────────────────────────────────────────────────────────
  Schema: rp3_prod / public
────────────────────────────────────────────────────────────
[2026-04-13T12:49:14.493Z] [INFO ] Started  :  2026-04-13T12:49:14.493Z
[2026-04-13T12:49:14.494Z] [INFO ] DB       :  rp3_prod
[2026-04-13T12:49:14.495Z] [INFO ] Schema   :  public
[2026-04-13T12:49:14.496Z] [INFO ] Folder   :  C:\Users\ftt\working\By-Mistake\backup\13-04-2026-06-05-47-PM\rp3_prod_environment-13-04-2026-06-18-29PM\rp3_prod-13-04-2026-06-18-30PM\public
[2026-04-13T12:49:14.497Z] [INFO ] pg_dump -Fc  →  C:\Users\ftt\working\By-Mistake\backup\13-04-2026-06-05-47-PM\rp3_prod_environment-13-04-2026-06-18-29PM\rp3_prod-13-04-2026-06-18-30PM\public\dump_public.dump
[2026-04-13T12:49:30.453Z] [OK   ] Custom dump complete  |  size: 40.2 KB  |  file: C:\Users\ftt\working\By-Mistake\backup\13-04-2026-06-05-47-PM\rp3_prod_environment-13-04-2026-06-18-29PM\rp3_prod-13-04-2026-06-18-30PM\public\dump_public.dump
[2026-04-13T12:49:30.457Z] [INFO ] Finished :  2026-04-13T12:49:30.456Z  |  status: OK

────────────────────────────────────────────────────────────
  Schema: rp3_prod / rp
────────────────────────────────────────────────────────────
[2026-04-13T12:49:30.459Z] [INFO ] Started  :  2026-04-13T12:49:30.459Z
[2026-04-13T12:49:30.460Z] [INFO ] DB       :  rp3_prod
[2026-04-13T12:49:30.461Z] [INFO ] Schema   :  rp
[2026-04-13T12:49:30.462Z] [INFO ] Folder   :  C:\Users\ftt\working\By-Mistake\backup\13-04-2026-06-05-47-PM\rp3_prod_environment-13-04-2026-06-18-29PM\rp3_prod-13-04-2026-06-18-30PM\rp
[2026-04-13T12:49:30.463Z] [INFO ] pg_dump -Fc  →  C:\Users\ftt\working\By-Mistake\backup\13-04-2026-06-05-47-PM\rp3_prod_environment-13-04-2026-06-18-29PM\rp3_prod-13-04-2026-06-18-30PM\rp\dump_rp.dump
[2026-04-13T12:50:12.240Z] [OK   ] Custom dump complete  |  size: 1348.7 KB  |  file: C:\Users\ftt\working\By-Mistake\backup\13-04-2026-06-05-47-PM\rp3_prod_environment-13-04-2026-06-18-29PM\rp3_prod-13-04-2026-06-18-30PM\rp\dump_rp.dump
[2026-04-13T12:50:12.242Z] [INFO ] Finished :  2026-04-13T12:50:12.242Z  |  status: OK

────────────────────────────────────────────────────────────
  Schema: rp3_prod / sabeo
────────────────────────────────────────────────────────────
[2026-04-13T12:50:12.245Z] [INFO ] Started  :  2026-04-13T12:50:12.245Z
[2026-04-13T12:50:12.246Z] [INFO ] DB       :  rp3_prod
[2026-04-13T12:50:12.247Z] [INFO ] Schema   :  sabeo
[2026-04-13T12:50:12.247Z] [INFO ] Folder   :  C:\Users\ftt\working\By-Mistake\backup\13-04-2026-06-05-47-PM\rp3_prod_environment-13-04-2026-06-18-29PM\rp3_prod-13-04-2026-06-18-30PM\sabeo
[2026-04-13T12:50:12.249Z] [INFO ] pg_dump -Fc  →  C:\Users\ftt\working\By-Mistake\backup\13-04-2026-06-05-47-PM\rp3_prod_environment-13-04-2026-06-18-29PM\rp3_prod-13-04-2026-06-18-30PM\sabeo\dump_sabeo.dump
[2026-04-13T12:51:01.011Z] [OK   ] Custom dump complete  |  size: 1272.6 KB  |  file: C:\Users\ftt\working\By-Mistake\backup\13-04-2026-06-05-47-PM\rp3_prod_environment-13-04-2026-06-18-29PM\rp3_prod-13-04-2026-06-18-30PM\sabeo\dump_sabeo.dump
[2026-04-13T12:51:01.012Z] [INFO ] Finished :  2026-04-13T12:51:01.012Z  |  status: OK

────────────────────────────────────────────────────────────
  Schema: rp3_prod / sabeomigration
────────────────────────────────────────────────────────────
[2026-04-13T12:51:01.014Z] [INFO ] Started  :  2026-04-13T12:51:01.014Z
[2026-04-13T12:51:01.016Z] [INFO ] DB       :  rp3_prod
[2026-04-13T12:51:01.018Z] [INFO ] Schema   :  sabeomigration
[2026-04-13T12:51:01.019Z] [INFO ] Folder   :  C:\Users\ftt\working\By-Mistake\backup\13-04-2026-06-05-47-PM\rp3_prod_environment-13-04-2026-06-18-29PM\rp3_prod-13-04-2026-06-18-30PM\sabeomigration
[2026-04-13T12:51:01.021Z] [INFO ] pg_dump -Fc  →  C:\Users\ftt\working\By-Mistake\backup\13-04-2026-06-05-47-PM\rp3_prod_environment-13-04-2026-06-18-29PM\rp3_prod-13-04-2026-06-18-30PM\sabeomigration\dump_sabeomigration.dump
[2026-04-13T12:51:50.136Z] [OK   ] Custom dump complete  |  size: 1284.5 KB  |  file: C:\Users\ftt\working\By-Mistake\backup\13-04-2026-06-05-47-PM\rp3_prod_environment-13-04-2026-06-18-29PM\rp3_prod-13-04-2026-06-18-30PM\sabeomigration\dump_sabeomigration.dump
[2026-04-13T12:51:50.137Z] [INFO ] Finished :  2026-04-13T12:51:50.137Z  |  status: OK

────────────────────────────────────────────────────────────
  Schema: rp3_prod / verticalmarket
────────────────────────────────────────────────────────────
[2026-04-13T12:51:50.139Z] [INFO ] Started  :  2026-04-13T12:51:50.139Z
[2026-04-13T12:51:50.140Z] [INFO ] DB       :  rp3_prod
[2026-04-13T12:51:50.141Z] [INFO ] Schema   :  verticalmarket
[2026-04-13T12:51:50.142Z] [INFO ] Folder   :  C:\Users\ftt\working\By-Mistake\backup\13-04-2026-06-05-47-PM\rp3_prod_environment-13-04-2026-06-18-29PM\rp3_prod-13-04-2026-06-18-30PM\verticalmarket
[2026-04-13T12:51:50.143Z] [INFO ] pg_dump -Fc  →  C:\Users\ftt\working\By-Mistake\backup\13-04-2026-06-05-47-PM\rp3_prod_environment-13-04-2026-06-18-29PM\rp3_prod-13-04-2026-06-18-30PM\verticalmarket\dump_verticalmarket.dump
[2026-04-13T12:52:34.650Z] [OK   ] Custom dump complete  |  size: 1285.5 KB  |  file: C:\Users\ftt\working\By-Mistake\backup\13-04-2026-06-05-47-PM\rp3_prod_environment-13-04-2026-06-18-29PM\rp3_prod-13-04-2026-06-18-30PM\verticalmarket\dump_verticalmarket.dump
[2026-04-13T12:52:34.652Z] [INFO ] Finished :  2026-04-13T12:52:34.651Z  |  status: OK
[2026-04-13T12:52:34.653Z] [INFO ] Schemas backed up: 6 / 6
[2026-04-13T12:52:34.654Z] [INFO ] Finished  :  2026-04-13T12:52:34.654Z  |  status: OK
