
────────────────────────────────────────────────────────────
  Database: rp3_tenants_prod
────────────────────────────────────────────────────────────
[2026-04-03T05:23:07.357Z] [INFO ] Started   :  2026-04-03T05:23:07.356Z
[2026-04-03T05:23:07.358Z] [INFO ] Database  :  rp3_tenants_prod
[2026-04-03T05:23:07.359Z] [INFO ] Folder    :  C:\Users\ftt\working\By-Mistake\backup\03-04-2026-10-35-08-AM\rp3_prod_environment-03-04-2026-10-49-42AM\rp3_tenants_prod-03-04-2026-10-53-07AM
[2026-04-03T05:23:08.608Z] [INFO ] Schemas found (2): public, rp

────────────────────────────────────────────────────────────
  Schema: rp3_tenants_prod / public
────────────────────────────────────────────────────────────
[2026-04-03T05:23:08.622Z] [INFO ] Started  :  2026-04-03T05:23:08.622Z
[2026-04-03T05:23:08.624Z] [INFO ] DB       :  rp3_tenants_prod
[2026-04-03T05:23:08.625Z] [INFO ] Schema   :  public
[2026-04-03T05:23:08.627Z] [INFO ] Folder   :  C:\Users\ftt\working\By-Mistake\backup\03-04-2026-10-35-08-AM\rp3_prod_environment-03-04-2026-10-49-42AM\rp3_tenants_prod-03-04-2026-10-53-07AM\public
[2026-04-03T05:23:08.629Z] [INFO ] pg_dump -Fc  →  C:\Users\ftt\working\By-Mistake\backup\03-04-2026-10-35-08-AM\rp3_prod_environment-03-04-2026-10-49-42AM\rp3_tenants_prod-03-04-2026-10-53-07AM\public\dump_public.dump
[2026-04-03T05:23:21.162Z] [OK   ] Custom dump complete  |  size: 1.2 KB  |  file: C:\Users\ftt\working\By-Mistake\backup\03-04-2026-10-35-08-AM\rp3_prod_environment-03-04-2026-10-49-42AM\rp3_tenants_prod-03-04-2026-10-53-07AM\public\dump_public.dump
[2026-04-03T05:23:21.164Z] [INFO ] Finished :  2026-04-03T05:23:21.164Z  |  status: OK

────────────────────────────────────────────────────────────
  Schema: rp3_tenants_prod / rp
────────────────────────────────────────────────────────────
[2026-04-03T05:23:21.169Z] [INFO ] Started  :  2026-04-03T05:23:21.169Z
[2026-04-03T05:23:21.170Z] [INFO ] DB       :  rp3_tenants_prod
[2026-04-03T05:23:21.171Z] [INFO ] Schema   :  rp
[2026-04-03T05:23:21.172Z] [INFO ] Folder   :  C:\Users\ftt\working\By-Mistake\backup\03-04-2026-10-35-08-AM\rp3_prod_environment-03-04-2026-10-49-42AM\rp3_tenants_prod-03-04-2026-10-53-07AM\rp
[2026-04-03T05:23:21.174Z] [INFO ] pg_dump -Fc  →  C:\Users\ftt\working\By-Mistake\backup\03-04-2026-10-35-08-AM\rp3_prod_environment-03-04-2026-10-49-42AM\rp3_tenants_prod-03-04-2026-10-53-07AM\rp\dump_rp.dump
[2026-04-03T05:23:35.449Z] [OK   ] Custom dump complete  |  size: 61.5 KB  |  file: C:\Users\ftt\working\By-Mistake\backup\03-04-2026-10-35-08-AM\rp3_prod_environment-03-04-2026-10-49-42AM\rp3_tenants_prod-03-04-2026-10-53-07AM\rp\dump_rp.dump
[2026-04-03T05:23:35.450Z] [INFO ] Finished :  2026-04-03T05:23:35.450Z  |  status: OK
[2026-04-03T05:23:35.452Z] [INFO ] Schemas backed up: 2 / 2
[2026-04-03T05:23:35.453Z] [INFO ] Finished  :  2026-04-03T05:23:35.453Z  |  status: OK
