
────────────────────────────────────────────────────────────
  Database: rp3_tenants_prod
────────────────────────────────────────────────────────────
[2026-04-14T10:53:30.942Z] [INFO ] Started   :  2026-04-14T10:53:30.942Z
[2026-04-14T10:53:30.943Z] [INFO ] Database  :  rp3_tenants_prod
[2026-04-14T10:53:30.945Z] [INFO ] Folder    :  C:\Users\ftt\working\By-Mistake\backup\14-04-2026-04-08-08-PM\rp3_prod_environment-14-04-2026-04-18-33PM\rp3_tenants_prod-14-04-2026-04-23-30PM
[2026-04-14T10:53:32.817Z] [INFO ] Schemas found (3): app, public, rp

────────────────────────────────────────────────────────────
  Schema: rp3_tenants_prod / app
────────────────────────────────────────────────────────────
[2026-04-14T10:53:32.832Z] [INFO ] Started  :  2026-04-14T10:53:32.831Z
[2026-04-14T10:53:32.833Z] [INFO ] DB       :  rp3_tenants_prod
[2026-04-14T10:53:32.835Z] [INFO ] Schema   :  app
[2026-04-14T10:53:32.837Z] [INFO ] Folder   :  C:\Users\ftt\working\By-Mistake\backup\14-04-2026-04-08-08-PM\rp3_prod_environment-14-04-2026-04-18-33PM\rp3_tenants_prod-14-04-2026-04-23-30PM\app
[2026-04-14T10:53:32.838Z] [INFO ] pg_dump -Fc  →  C:\Users\ftt\working\By-Mistake\backup\14-04-2026-04-08-08-PM\rp3_prod_environment-14-04-2026-04-18-33PM\rp3_tenants_prod-14-04-2026-04-23-30PM\app\dump_app.dump
[2026-04-14T10:54:12.148Z] [OK   ] Custom dump complete  |  size: 928.2 KB  |  file: C:\Users\ftt\working\By-Mistake\backup\14-04-2026-04-08-08-PM\rp3_prod_environment-14-04-2026-04-18-33PM\rp3_tenants_prod-14-04-2026-04-23-30PM\app\dump_app.dump
[2026-04-14T10:54:12.150Z] [INFO ] Finished :  2026-04-14T10:54:12.150Z  |  status: OK

────────────────────────────────────────────────────────────
  Schema: rp3_tenants_prod / public
────────────────────────────────────────────────────────────
[2026-04-14T10:54:12.155Z] [INFO ] Started  :  2026-04-14T10:54:12.155Z
[2026-04-14T10:54:12.157Z] [INFO ] DB       :  rp3_tenants_prod
[2026-04-14T10:54:12.158Z] [INFO ] Schema   :  public
[2026-04-14T10:54:12.160Z] [INFO ] Folder   :  C:\Users\ftt\working\By-Mistake\backup\14-04-2026-04-08-08-PM\rp3_prod_environment-14-04-2026-04-18-33PM\rp3_tenants_prod-14-04-2026-04-23-30PM\public
[2026-04-14T10:54:12.162Z] [INFO ] pg_dump -Fc  →  C:\Users\ftt\working\By-Mistake\backup\14-04-2026-04-08-08-PM\rp3_prod_environment-14-04-2026-04-18-33PM\rp3_tenants_prod-14-04-2026-04-23-30PM\public\dump_public.dump
[2026-04-14T10:54:27.149Z] [OK   ] Custom dump complete  |  size: 1.2 KB  |  file: C:\Users\ftt\working\By-Mistake\backup\14-04-2026-04-08-08-PM\rp3_prod_environment-14-04-2026-04-18-33PM\rp3_tenants_prod-14-04-2026-04-23-30PM\public\dump_public.dump
[2026-04-14T10:54:27.149Z] [INFO ] Finished :  2026-04-14T10:54:27.149Z  |  status: OK

────────────────────────────────────────────────────────────
  Schema: rp3_tenants_prod / rp
────────────────────────────────────────────────────────────
[2026-04-14T10:54:27.153Z] [INFO ] Started  :  2026-04-14T10:54:27.153Z
[2026-04-14T10:54:27.155Z] [INFO ] DB       :  rp3_tenants_prod
[2026-04-14T10:54:27.155Z] [INFO ] Schema   :  rp
[2026-04-14T10:54:27.156Z] [INFO ] Folder   :  C:\Users\ftt\working\By-Mistake\backup\14-04-2026-04-08-08-PM\rp3_prod_environment-14-04-2026-04-18-33PM\rp3_tenants_prod-14-04-2026-04-23-30PM\rp
[2026-04-14T10:54:27.157Z] [INFO ] pg_dump -Fc  →  C:\Users\ftt\working\By-Mistake\backup\14-04-2026-04-08-08-PM\rp3_prod_environment-14-04-2026-04-18-33PM\rp3_tenants_prod-14-04-2026-04-23-30PM\rp\dump_rp.dump
[2026-04-14T10:54:44.624Z] [OK   ] Custom dump complete  |  size: 61.5 KB  |  file: C:\Users\ftt\working\By-Mistake\backup\14-04-2026-04-08-08-PM\rp3_prod_environment-14-04-2026-04-18-33PM\rp3_tenants_prod-14-04-2026-04-23-30PM\rp\dump_rp.dump
[2026-04-14T10:54:44.625Z] [INFO ] Finished :  2026-04-14T10:54:44.625Z  |  status: OK
[2026-04-14T10:54:44.627Z] [INFO ] Schemas backed up: 3 / 3
[2026-04-14T10:54:44.628Z] [INFO ] Finished  :  2026-04-14T10:54:44.627Z  |  status: OK
