
────────────────────────────────────────────────────────────
  Database: rp3_prod
────────────────────────────────────────────────────────────
[2026-03-31T10:44:25.155Z] [INFO ] Started   :  2026-03-31T10:44:25.154Z
[2026-03-31T10:44:25.156Z] [INFO ] Database  :  rp3_prod
[2026-03-31T10:44:25.157Z] [INFO ] Folder    :  C:\Users\ftt\working\By-Mistake\backup\31-03-2026-04-04-47-PM\rp3_prod_environment-31-03-2026-04-14-23PM\rp3_prod-31-03-2026-04-14-25PM
[2026-03-31T10:44:26.163Z] [INFO ] Schemas found (5): berkley, public, rp, sabeo, verticalmarket

────────────────────────────────────────────────────────────
  Schema: rp3_prod / berkley
────────────────────────────────────────────────────────────
[2026-03-31T10:44:26.207Z] [INFO ] Started  :  2026-03-31T10:44:26.206Z
[2026-03-31T10:44:26.209Z] [INFO ] DB       :  rp3_prod
[2026-03-31T10:44:26.211Z] [INFO ] Schema   :  berkley
[2026-03-31T10:44:26.213Z] [INFO ] Folder   :  C:\Users\ftt\working\By-Mistake\backup\31-03-2026-04-04-47-PM\rp3_prod_environment-31-03-2026-04-14-23PM\rp3_prod-31-03-2026-04-14-25PM\berkley
[2026-03-31T10:44:26.217Z] [INFO ] pg_dump -Fc  →  C:\Users\ftt\working\By-Mistake\backup\31-03-2026-04-04-47-PM\rp3_prod_environment-31-03-2026-04-14-23PM\rp3_prod-31-03-2026-04-14-25PM\berkley\dump_berkley.dump
[2026-03-31T10:45:05.692Z] [OK   ] Custom dump complete  |  size: 900.2 KB  |  file: C:\Users\ftt\working\By-Mistake\backup\31-03-2026-04-04-47-PM\rp3_prod_environment-31-03-2026-04-14-23PM\rp3_prod-31-03-2026-04-14-25PM\berkley\dump_berkley.dump
[2026-03-31T10:45:05.693Z] [INFO ] Finished :  2026-03-31T10:45:05.693Z  |  status: OK

────────────────────────────────────────────────────────────
  Schema: rp3_prod / public
────────────────────────────────────────────────────────────
[2026-03-31T10:45:05.698Z] [INFO ] Started  :  2026-03-31T10:45:05.697Z
[2026-03-31T10:45:05.700Z] [INFO ] DB       :  rp3_prod
[2026-03-31T10:45:05.702Z] [INFO ] Schema   :  public
[2026-03-31T10:45:05.704Z] [INFO ] Folder   :  C:\Users\ftt\working\By-Mistake\backup\31-03-2026-04-04-47-PM\rp3_prod_environment-31-03-2026-04-14-23PM\rp3_prod-31-03-2026-04-14-25PM\public
[2026-03-31T10:45:05.707Z] [INFO ] pg_dump -Fc  →  C:\Users\ftt\working\By-Mistake\backup\31-03-2026-04-04-47-PM\rp3_prod_environment-31-03-2026-04-14-23PM\rp3_prod-31-03-2026-04-14-25PM\public\dump_public.dump
[2026-03-31T10:45:21.305Z] [OK   ] Custom dump complete  |  size: 40.2 KB  |  file: C:\Users\ftt\working\By-Mistake\backup\31-03-2026-04-04-47-PM\rp3_prod_environment-31-03-2026-04-14-23PM\rp3_prod-31-03-2026-04-14-25PM\public\dump_public.dump
[2026-03-31T10:45:21.306Z] [INFO ] Finished :  2026-03-31T10:45:21.306Z  |  status: OK

────────────────────────────────────────────────────────────
  Schema: rp3_prod / rp
────────────────────────────────────────────────────────────
[2026-03-31T10:45:21.311Z] [INFO ] Started  :  2026-03-31T10:45:21.311Z
[2026-03-31T10:45:21.314Z] [INFO ] DB       :  rp3_prod
[2026-03-31T10:45:21.317Z] [INFO ] Schema   :  rp
[2026-03-31T10:45:21.320Z] [INFO ] Folder   :  C:\Users\ftt\working\By-Mistake\backup\31-03-2026-04-04-47-PM\rp3_prod_environment-31-03-2026-04-14-23PM\rp3_prod-31-03-2026-04-14-25PM\rp
[2026-03-31T10:45:21.323Z] [INFO ] pg_dump -Fc  →  C:\Users\ftt\working\By-Mistake\backup\31-03-2026-04-04-47-PM\rp3_prod_environment-31-03-2026-04-14-23PM\rp3_prod-31-03-2026-04-14-25PM\rp\dump_rp.dump
[2026-03-31T10:46:03.826Z] [OK   ] Custom dump complete  |  size: 1348.7 KB  |  file: C:\Users\ftt\working\By-Mistake\backup\31-03-2026-04-04-47-PM\rp3_prod_environment-31-03-2026-04-14-23PM\rp3_prod-31-03-2026-04-14-25PM\rp\dump_rp.dump
[2026-03-31T10:46:03.829Z] [INFO ] Finished :  2026-03-31T10:46:03.829Z  |  status: OK

────────────────────────────────────────────────────────────
  Schema: rp3_prod / sabeo
────────────────────────────────────────────────────────────
[2026-03-31T10:46:03.836Z] [INFO ] Started  :  2026-03-31T10:46:03.835Z
[2026-03-31T10:46:03.838Z] [INFO ] DB       :  rp3_prod
[2026-03-31T10:46:03.841Z] [INFO ] Schema   :  sabeo
[2026-03-31T10:46:03.843Z] [INFO ] Folder   :  C:\Users\ftt\working\By-Mistake\backup\31-03-2026-04-04-47-PM\rp3_prod_environment-31-03-2026-04-14-23PM\rp3_prod-31-03-2026-04-14-25PM\sabeo
[2026-03-31T10:46:03.846Z] [INFO ] pg_dump -Fc  →  C:\Users\ftt\working\By-Mistake\backup\31-03-2026-04-04-47-PM\rp3_prod_environment-31-03-2026-04-14-23PM\rp3_prod-31-03-2026-04-14-25PM\sabeo\dump_sabeo.dump
[2026-03-31T10:46:49.415Z] [OK   ] Custom dump complete  |  size: 1268.6 KB  |  file: C:\Users\ftt\working\By-Mistake\backup\31-03-2026-04-04-47-PM\rp3_prod_environment-31-03-2026-04-14-23PM\rp3_prod-31-03-2026-04-14-25PM\sabeo\dump_sabeo.dump
[2026-03-31T10:46:49.418Z] [INFO ] Finished :  2026-03-31T10:46:49.417Z  |  status: OK

────────────────────────────────────────────────────────────
  Schema: rp3_prod / verticalmarket
────────────────────────────────────────────────────────────
[2026-03-31T10:46:49.425Z] [INFO ] Started  :  2026-03-31T10:46:49.424Z
[2026-03-31T10:46:49.427Z] [INFO ] DB       :  rp3_prod
[2026-03-31T10:46:49.429Z] [INFO ] Schema   :  verticalmarket
[2026-03-31T10:46:49.431Z] [INFO ] Folder   :  C:\Users\ftt\working\By-Mistake\backup\31-03-2026-04-04-47-PM\rp3_prod_environment-31-03-2026-04-14-23PM\rp3_prod-31-03-2026-04-14-25PM\verticalmarket
[2026-03-31T10:46:49.433Z] [INFO ] pg_dump -Fc  →  C:\Users\ftt\working\By-Mistake\backup\31-03-2026-04-04-47-PM\rp3_prod_environment-31-03-2026-04-14-23PM\rp3_prod-31-03-2026-04-14-25PM\verticalmarket\dump_verticalmarket.dump
[2026-03-31T10:47:31.843Z] [OK   ] Custom dump complete  |  size: 1152.6 KB  |  file: C:\Users\ftt\working\By-Mistake\backup\31-03-2026-04-04-47-PM\rp3_prod_environment-31-03-2026-04-14-23PM\rp3_prod-31-03-2026-04-14-25PM\verticalmarket\dump_verticalmarket.dump
[2026-03-31T10:47:31.846Z] [INFO ] Finished :  2026-03-31T10:47:31.845Z  |  status: OK
[2026-03-31T10:47:31.848Z] [INFO ] Schemas backed up: 5 / 5
[2026-03-31T10:47:31.850Z] [INFO ] Finished  :  2026-03-31T10:47:31.850Z  |  status: OK
