
────────────────────────────────────────────────────────────
  Database: rp3_prod
────────────────────────────────────────────────────────────
[2026-04-09T11:19:42.788Z] [INFO ] Started   :  2026-04-09T11:19:42.788Z
[2026-04-09T11:19:42.789Z] [INFO ] Database  :  rp3_prod
[2026-04-09T11:19:42.791Z] [INFO ] Folder    :  C:\Users\ftt\working\By-Mistake\backup\09-04-2026-04-37-44-PM\rp3_prod_environment-09-04-2026-04-49-41PM\rp3_prod-09-04-2026-04-49-42PM
[2026-04-09T11:19:44.103Z] [INFO ] Schemas found (5): berkley, public, rp, sabeo, verticalmarket

────────────────────────────────────────────────────────────
  Schema: rp3_prod / berkley
────────────────────────────────────────────────────────────
[2026-04-09T11:19:44.119Z] [INFO ] Started  :  2026-04-09T11:19:44.118Z
[2026-04-09T11:19:44.120Z] [INFO ] DB       :  rp3_prod
[2026-04-09T11:19:44.122Z] [INFO ] Schema   :  berkley
[2026-04-09T11:19:44.124Z] [INFO ] Folder   :  C:\Users\ftt\working\By-Mistake\backup\09-04-2026-04-37-44-PM\rp3_prod_environment-09-04-2026-04-49-41PM\rp3_prod-09-04-2026-04-49-42PM\berkley
[2026-04-09T11:19:44.125Z] [INFO ] pg_dump -Fc  →  C:\Users\ftt\working\By-Mistake\backup\09-04-2026-04-37-44-PM\rp3_prod_environment-09-04-2026-04-49-41PM\rp3_prod-09-04-2026-04-49-42PM\berkley\dump_berkley.dump
[2026-04-09T11:20:34.204Z] [OK   ] Custom dump complete  |  size: 900.2 KB  |  file: C:\Users\ftt\working\By-Mistake\backup\09-04-2026-04-37-44-PM\rp3_prod_environment-09-04-2026-04-49-41PM\rp3_prod-09-04-2026-04-49-42PM\berkley\dump_berkley.dump
[2026-04-09T11:20:34.206Z] [INFO ] Finished :  2026-04-09T11:20:34.205Z  |  status: OK

────────────────────────────────────────────────────────────
  Schema: rp3_prod / public
────────────────────────────────────────────────────────────
[2026-04-09T11:20:34.208Z] [INFO ] Started  :  2026-04-09T11:20:34.208Z
[2026-04-09T11:20:34.209Z] [INFO ] DB       :  rp3_prod
[2026-04-09T11:20:34.210Z] [INFO ] Schema   :  public
[2026-04-09T11:20:34.211Z] [INFO ] Folder   :  C:\Users\ftt\working\By-Mistake\backup\09-04-2026-04-37-44-PM\rp3_prod_environment-09-04-2026-04-49-41PM\rp3_prod-09-04-2026-04-49-42PM\public
[2026-04-09T11:20:34.212Z] [INFO ] pg_dump -Fc  →  C:\Users\ftt\working\By-Mistake\backup\09-04-2026-04-37-44-PM\rp3_prod_environment-09-04-2026-04-49-41PM\rp3_prod-09-04-2026-04-49-42PM\public\dump_public.dump
[2026-04-09T11:20:54.038Z] [OK   ] Custom dump complete  |  size: 40.2 KB  |  file: C:\Users\ftt\working\By-Mistake\backup\09-04-2026-04-37-44-PM\rp3_prod_environment-09-04-2026-04-49-41PM\rp3_prod-09-04-2026-04-49-42PM\public\dump_public.dump
[2026-04-09T11:20:54.040Z] [INFO ] Finished :  2026-04-09T11:20:54.039Z  |  status: OK

────────────────────────────────────────────────────────────
  Schema: rp3_prod / rp
────────────────────────────────────────────────────────────
[2026-04-09T11:20:54.044Z] [INFO ] Started  :  2026-04-09T11:20:54.044Z
[2026-04-09T11:20:54.047Z] [INFO ] DB       :  rp3_prod
[2026-04-09T11:20:54.048Z] [INFO ] Schema   :  rp
[2026-04-09T11:20:54.049Z] [INFO ] Folder   :  C:\Users\ftt\working\By-Mistake\backup\09-04-2026-04-37-44-PM\rp3_prod_environment-09-04-2026-04-49-41PM\rp3_prod-09-04-2026-04-49-42PM\rp
[2026-04-09T11:20:54.050Z] [INFO ] pg_dump -Fc  →  C:\Users\ftt\working\By-Mistake\backup\09-04-2026-04-37-44-PM\rp3_prod_environment-09-04-2026-04-49-41PM\rp3_prod-09-04-2026-04-49-42PM\rp\dump_rp.dump
[2026-04-09T11:21:38.288Z] [OK   ] Custom dump complete  |  size: 1348.7 KB  |  file: C:\Users\ftt\working\By-Mistake\backup\09-04-2026-04-37-44-PM\rp3_prod_environment-09-04-2026-04-49-41PM\rp3_prod-09-04-2026-04-49-42PM\rp\dump_rp.dump
[2026-04-09T11:21:38.289Z] [INFO ] Finished :  2026-04-09T11:21:38.289Z  |  status: OK

────────────────────────────────────────────────────────────
  Schema: rp3_prod / sabeo
────────────────────────────────────────────────────────────
[2026-04-09T11:21:38.294Z] [INFO ] Started  :  2026-04-09T11:21:38.293Z
[2026-04-09T11:21:38.295Z] [INFO ] DB       :  rp3_prod
[2026-04-09T11:21:38.296Z] [INFO ] Schema   :  sabeo
[2026-04-09T11:21:38.297Z] [INFO ] Folder   :  C:\Users\ftt\working\By-Mistake\backup\09-04-2026-04-37-44-PM\rp3_prod_environment-09-04-2026-04-49-41PM\rp3_prod-09-04-2026-04-49-42PM\sabeo
[2026-04-09T11:21:38.298Z] [INFO ] pg_dump -Fc  →  C:\Users\ftt\working\By-Mistake\backup\09-04-2026-04-37-44-PM\rp3_prod_environment-09-04-2026-04-49-41PM\rp3_prod-09-04-2026-04-49-42PM\sabeo\dump_sabeo.dump
[2026-04-09T11:22:32.254Z] [OK   ] Custom dump complete  |  size: 1397.8 KB  |  file: C:\Users\ftt\working\By-Mistake\backup\09-04-2026-04-37-44-PM\rp3_prod_environment-09-04-2026-04-49-41PM\rp3_prod-09-04-2026-04-49-42PM\sabeo\dump_sabeo.dump
[2026-04-09T11:22:32.255Z] [INFO ] Finished :  2026-04-09T11:22:32.255Z  |  status: OK

────────────────────────────────────────────────────────────
  Schema: rp3_prod / verticalmarket
────────────────────────────────────────────────────────────
[2026-04-09T11:22:32.261Z] [INFO ] Started  :  2026-04-09T11:22:32.260Z
[2026-04-09T11:22:32.262Z] [INFO ] DB       :  rp3_prod
[2026-04-09T11:22:32.263Z] [INFO ] Schema   :  verticalmarket
[2026-04-09T11:22:32.265Z] [INFO ] Folder   :  C:\Users\ftt\working\By-Mistake\backup\09-04-2026-04-37-44-PM\rp3_prod_environment-09-04-2026-04-49-41PM\rp3_prod-09-04-2026-04-49-42PM\verticalmarket
[2026-04-09T11:22:32.266Z] [INFO ] pg_dump -Fc  →  C:\Users\ftt\working\By-Mistake\backup\09-04-2026-04-37-44-PM\rp3_prod_environment-09-04-2026-04-49-41PM\rp3_prod-09-04-2026-04-49-42PM\verticalmarket\dump_verticalmarket.dump
[2026-04-09T11:23:16.837Z] [OK   ] Custom dump complete  |  size: 1152.6 KB  |  file: C:\Users\ftt\working\By-Mistake\backup\09-04-2026-04-37-44-PM\rp3_prod_environment-09-04-2026-04-49-41PM\rp3_prod-09-04-2026-04-49-42PM\verticalmarket\dump_verticalmarket.dump
[2026-04-09T11:23:16.838Z] [INFO ] Finished :  2026-04-09T11:23:16.838Z  |  status: OK
[2026-04-09T11:23:16.842Z] [INFO ] Schemas backed up: 5 / 5
[2026-04-09T11:23:16.844Z] [INFO ] Finished  :  2026-04-09T11:23:16.844Z  |  status: OK
