
────────────────────────────────────────────────────────────
  Connection: rp3_prod_environment
────────────────────────────────────────────────────────────
[2026-04-07T05:09:41.136Z] [INFO ] Run started    :  2026-04-07T05:09:41.136Z
[2026-04-07T05:09:41.137Z] [INFO ] Connection     :  rp3_prod_environment
[2026-04-07T05:09:41.138Z] [INFO ] Host           :  rp3-db-do-user-14077292-0.f.db.ondigitalocean.com:25060
[2026-04-07T05:09:41.139Z] [INFO ] User           :  rp3_prod_user
[2026-04-07T05:09:41.140Z] [INFO ] Run root       :  C:\Users\ftt\working\By-Mistake\backup\07-04-2026-10-27-46-AM
[2026-04-07T05:09:41.142Z] [INFO ] Backup folder  :  C:\Users\ftt\working\By-Mistake\backup\07-04-2026-10-27-46-AM\rp3_prod_environment-07-04-2026-10-39-41AM
[2026-04-07T05:09:41.143Z] [INFO ] Log file       :  C:\Users\ftt\working\By-Mistake\backup\07-04-2026-10-27-46-AM\rp3_prod_environment-07-04-2026-10-39-41AM\logs\run.log
[2026-04-07T05:09:42.472Z] [INFO ] Databases on server (6): _dodb, defaultdb, rp3_prod, rp3_tenants_prod, rp3devdb, rp3tenantsdevdb
[2026-04-07T05:09:42.474Z] [INFO ] Filtered to (2): rp3_prod, rp3_tenants_prod
[2026-04-07T05:09:42.476Z] [INFO ] --- Starting database: rp3_prod

────────────────────────────────────────────────────────────
  Database: rp3_prod
────────────────────────────────────────────────────────────
[2026-04-07T05:09:42.483Z] [INFO ] Started   :  2026-04-07T05:09:42.481Z
[2026-04-07T05:09:42.486Z] [INFO ] Database  :  rp3_prod
[2026-04-07T05:09:42.488Z] [INFO ] Folder    :  C:\Users\ftt\working\By-Mistake\backup\07-04-2026-10-27-46-AM\rp3_prod_environment-07-04-2026-10-39-41AM\rp3_prod-07-04-2026-10-39-42AM
[2026-04-07T05:09:43.638Z] [INFO ] Schemas found (5): berkley, public, rp, sabeo, verticalmarket

────────────────────────────────────────────────────────────
  Schema: rp3_prod / berkley
────────────────────────────────────────────────────────────
[2026-04-07T05:09:43.683Z] [INFO ] Started  :  2026-04-07T05:09:43.682Z
[2026-04-07T05:09:43.685Z] [INFO ] DB       :  rp3_prod
[2026-04-07T05:09:43.688Z] [INFO ] Schema   :  berkley
[2026-04-07T05:09:43.691Z] [INFO ] Folder   :  C:\Users\ftt\working\By-Mistake\backup\07-04-2026-10-27-46-AM\rp3_prod_environment-07-04-2026-10-39-41AM\rp3_prod-07-04-2026-10-39-42AM\berkley
[2026-04-07T05:09:43.693Z] [INFO ] pg_dump -Fc  →  C:\Users\ftt\working\By-Mistake\backup\07-04-2026-10-27-46-AM\rp3_prod_environment-07-04-2026-10-39-41AM\rp3_prod-07-04-2026-10-39-42AM\berkley\dump_berkley.dump
[2026-04-07T05:10:32.122Z] [OK   ] Custom dump complete  |  size: 900.2 KB  |  file: C:\Users\ftt\working\By-Mistake\backup\07-04-2026-10-27-46-AM\rp3_prod_environment-07-04-2026-10-39-41AM\rp3_prod-07-04-2026-10-39-42AM\berkley\dump_berkley.dump
[2026-04-07T05:10:32.124Z] [INFO ] Finished :  2026-04-07T05:10:32.124Z  |  status: OK

────────────────────────────────────────────────────────────
  Schema: rp3_prod / public
────────────────────────────────────────────────────────────
[2026-04-07T05:10:32.129Z] [INFO ] Started  :  2026-04-07T05:10:32.129Z
[2026-04-07T05:10:32.131Z] [INFO ] DB       :  rp3_prod
[2026-04-07T05:10:32.132Z] [INFO ] Schema   :  public
[2026-04-07T05:10:32.134Z] [INFO ] Folder   :  C:\Users\ftt\working\By-Mistake\backup\07-04-2026-10-27-46-AM\rp3_prod_environment-07-04-2026-10-39-41AM\rp3_prod-07-04-2026-10-39-42AM\public
[2026-04-07T05:10:32.137Z] [INFO ] pg_dump -Fc  →  C:\Users\ftt\working\By-Mistake\backup\07-04-2026-10-27-46-AM\rp3_prod_environment-07-04-2026-10-39-41AM\rp3_prod-07-04-2026-10-39-42AM\public\dump_public.dump
[2026-04-07T05:10:48.076Z] [OK   ] Custom dump complete  |  size: 40.2 KB  |  file: C:\Users\ftt\working\By-Mistake\backup\07-04-2026-10-27-46-AM\rp3_prod_environment-07-04-2026-10-39-41AM\rp3_prod-07-04-2026-10-39-42AM\public\dump_public.dump
[2026-04-07T05:10:48.078Z] [INFO ] Finished :  2026-04-07T05:10:48.077Z  |  status: OK

────────────────────────────────────────────────────────────
  Schema: rp3_prod / rp
────────────────────────────────────────────────────────────
[2026-04-07T05:10:48.080Z] [INFO ] Started  :  2026-04-07T05:10:48.080Z
[2026-04-07T05:10:48.081Z] [INFO ] DB       :  rp3_prod
[2026-04-07T05:10:48.083Z] [INFO ] Schema   :  rp
[2026-04-07T05:10:48.086Z] [INFO ] Folder   :  C:\Users\ftt\working\By-Mistake\backup\07-04-2026-10-27-46-AM\rp3_prod_environment-07-04-2026-10-39-41AM\rp3_prod-07-04-2026-10-39-42AM\rp
[2026-04-07T05:10:48.089Z] [INFO ] pg_dump -Fc  →  C:\Users\ftt\working\By-Mistake\backup\07-04-2026-10-27-46-AM\rp3_prod_environment-07-04-2026-10-39-41AM\rp3_prod-07-04-2026-10-39-42AM\rp\dump_rp.dump
[2026-04-07T05:11:23.588Z] [OK   ] Custom dump complete  |  size: 1348.7 KB  |  file: C:\Users\ftt\working\By-Mistake\backup\07-04-2026-10-27-46-AM\rp3_prod_environment-07-04-2026-10-39-41AM\rp3_prod-07-04-2026-10-39-42AM\rp\dump_rp.dump
[2026-04-07T05:11:23.590Z] [INFO ] Finished :  2026-04-07T05:11:23.589Z  |  status: OK

────────────────────────────────────────────────────────────
  Schema: rp3_prod / sabeo
────────────────────────────────────────────────────────────
[2026-04-07T05:11:23.595Z] [INFO ] Started  :  2026-04-07T05:11:23.595Z
[2026-04-07T05:11:23.597Z] [INFO ] DB       :  rp3_prod
[2026-04-07T05:11:23.598Z] [INFO ] Schema   :  sabeo
[2026-04-07T05:11:23.599Z] [INFO ] Folder   :  C:\Users\ftt\working\By-Mistake\backup\07-04-2026-10-27-46-AM\rp3_prod_environment-07-04-2026-10-39-41AM\rp3_prod-07-04-2026-10-39-42AM\sabeo
[2026-04-07T05:11:23.600Z] [INFO ] pg_dump -Fc  →  C:\Users\ftt\working\By-Mistake\backup\07-04-2026-10-27-46-AM\rp3_prod_environment-07-04-2026-10-39-41AM\rp3_prod-07-04-2026-10-39-42AM\sabeo\dump_sabeo.dump
[2026-04-07T05:12:19.756Z] [OK   ] Custom dump complete  |  size: 1355.6 KB  |  file: C:\Users\ftt\working\By-Mistake\backup\07-04-2026-10-27-46-AM\rp3_prod_environment-07-04-2026-10-39-41AM\rp3_prod-07-04-2026-10-39-42AM\sabeo\dump_sabeo.dump
[2026-04-07T05:12:19.757Z] [INFO ] Finished :  2026-04-07T05:12:19.757Z  |  status: OK

────────────────────────────────────────────────────────────
  Schema: rp3_prod / verticalmarket
────────────────────────────────────────────────────────────
[2026-04-07T05:12:19.761Z] [INFO ] Started  :  2026-04-07T05:12:19.761Z
[2026-04-07T05:12:19.763Z] [INFO ] DB       :  rp3_prod
[2026-04-07T05:12:19.764Z] [INFO ] Schema   :  verticalmarket
[2026-04-07T05:12:19.766Z] [INFO ] Folder   :  C:\Users\ftt\working\By-Mistake\backup\07-04-2026-10-27-46-AM\rp3_prod_environment-07-04-2026-10-39-41AM\rp3_prod-07-04-2026-10-39-42AM\verticalmarket
[2026-04-07T05:12:19.768Z] [INFO ] pg_dump -Fc  →  C:\Users\ftt\working\By-Mistake\backup\07-04-2026-10-27-46-AM\rp3_prod_environment-07-04-2026-10-39-41AM\rp3_prod-07-04-2026-10-39-42AM\verticalmarket\dump_verticalmarket.dump
[2026-04-07T05:13:14.330Z] [OK   ] Custom dump complete  |  size: 1152.6 KB  |  file: C:\Users\ftt\working\By-Mistake\backup\07-04-2026-10-27-46-AM\rp3_prod_environment-07-04-2026-10-39-41AM\rp3_prod-07-04-2026-10-39-42AM\verticalmarket\dump_verticalmarket.dump
[2026-04-07T05:13:14.332Z] [INFO ] Finished :  2026-04-07T05:13:14.332Z  |  status: OK
[2026-04-07T05:13:14.334Z] [INFO ] Schemas backed up: 5 / 5
[2026-04-07T05:13:14.336Z] [INFO ] Finished  :  2026-04-07T05:13:14.336Z  |  status: OK
[2026-04-07T05:13:14.338Z] [INFO ] --- Finished database: rp3_prod  |  status: OK
[2026-04-07T05:13:14.340Z] [INFO ] --- Starting database: rp3_tenants_prod

────────────────────────────────────────────────────────────
  Database: rp3_tenants_prod
────────────────────────────────────────────────────────────
[2026-04-07T05:13:14.347Z] [INFO ] Started   :  2026-04-07T05:13:14.347Z
[2026-04-07T05:13:14.349Z] [INFO ] Database  :  rp3_tenants_prod
[2026-04-07T05:13:14.350Z] [INFO ] Folder    :  C:\Users\ftt\working\By-Mistake\backup\07-04-2026-10-27-46-AM\rp3_prod_environment-07-04-2026-10-39-41AM\rp3_tenants_prod-07-04-2026-10-43-14AM
[2026-04-07T05:13:15.955Z] [INFO ] Schemas found (2): public, rp

────────────────────────────────────────────────────────────
  Schema: rp3_tenants_prod / public
────────────────────────────────────────────────────────────
[2026-04-07T05:13:15.962Z] [INFO ] Started  :  2026-04-07T05:13:15.962Z
[2026-04-07T05:13:15.964Z] [INFO ] DB       :  rp3_tenants_prod
[2026-04-07T05:13:15.967Z] [INFO ] Schema   :  public
[2026-04-07T05:13:15.969Z] [INFO ] Folder   :  C:\Users\ftt\working\By-Mistake\backup\07-04-2026-10-27-46-AM\rp3_prod_environment-07-04-2026-10-39-41AM\rp3_tenants_prod-07-04-2026-10-43-14AM\public
[2026-04-07T05:13:15.972Z] [INFO ] pg_dump -Fc  →  C:\Users\ftt\working\By-Mistake\backup\07-04-2026-10-27-46-AM\rp3_prod_environment-07-04-2026-10-39-41AM\rp3_tenants_prod-07-04-2026-10-43-14AM\public\dump_public.dump
[2026-04-07T05:13:31.525Z] [OK   ] Custom dump complete  |  size: 1.2 KB  |  file: C:\Users\ftt\working\By-Mistake\backup\07-04-2026-10-27-46-AM\rp3_prod_environment-07-04-2026-10-39-41AM\rp3_tenants_prod-07-04-2026-10-43-14AM\public\dump_public.dump
[2026-04-07T05:13:31.527Z] [INFO ] Finished :  2026-04-07T05:13:31.527Z  |  status: OK

────────────────────────────────────────────────────────────
  Schema: rp3_tenants_prod / rp
────────────────────────────────────────────────────────────
[2026-04-07T05:13:31.534Z] [INFO ] Started  :  2026-04-07T05:13:31.534Z
[2026-04-07T05:13:31.536Z] [INFO ] DB       :  rp3_tenants_prod
[2026-04-07T05:13:31.539Z] [INFO ] Schema   :  rp
[2026-04-07T05:13:31.541Z] [INFO ] Folder   :  C:\Users\ftt\working\By-Mistake\backup\07-04-2026-10-27-46-AM\rp3_prod_environment-07-04-2026-10-39-41AM\rp3_tenants_prod-07-04-2026-10-43-14AM\rp
[2026-04-07T05:13:31.544Z] [INFO ] pg_dump -Fc  →  C:\Users\ftt\working\By-Mistake\backup\07-04-2026-10-27-46-AM\rp3_prod_environment-07-04-2026-10-39-41AM\rp3_tenants_prod-07-04-2026-10-43-14AM\rp\dump_rp.dump
[2026-04-07T05:13:45.903Z] [OK   ] Custom dump complete  |  size: 61.5 KB  |  file: C:\Users\ftt\working\By-Mistake\backup\07-04-2026-10-27-46-AM\rp3_prod_environment-07-04-2026-10-39-41AM\rp3_tenants_prod-07-04-2026-10-43-14AM\rp\dump_rp.dump
[2026-04-07T05:13:45.905Z] [INFO ] Finished :  2026-04-07T05:13:45.905Z  |  status: OK
[2026-04-07T05:13:45.907Z] [INFO ] Schemas backed up: 2 / 2
[2026-04-07T05:13:45.908Z] [INFO ] Finished  :  2026-04-07T05:13:45.908Z  |  status: OK
[2026-04-07T05:13:45.911Z] [INFO ] --- Finished database: rp3_tenants_prod  |  status: OK
[2026-04-07T05:13:45.912Z] [INFO ] Databases backed up: 2 / 2
[2026-04-07T05:13:45.913Z] [INFO ] Run finished   :  2026-04-07T05:13:45.913Z  |  status: OK
