
────────────────────────────────────────────────────────────
  Connection: rp3_prod_environment
────────────────────────────────────────────────────────────
[2026-03-30T02:57:00.022Z] [INFO ] Run started    :  2026-03-30T02:57:00.022Z
[2026-03-30T02:57:00.022Z] [INFO ] Connection     :  rp3_prod_environment
[2026-03-30T02:57:00.023Z] [INFO ] Host           :  rp3-db-do-user-14077292-0.f.db.ondigitalocean.com:25060
[2026-03-30T02:57:00.023Z] [INFO ] User           :  rp3_prod_user
[2026-03-30T02:57:00.024Z] [INFO ] Run root       :  C:\Users\ftt\working\By-Mistake\backup\30-03-2026-08-18-39-AM
[2026-03-30T02:57:00.024Z] [INFO ] Backup folder  :  C:\Users\ftt\working\By-Mistake\backup\30-03-2026-08-18-39-AM\rp3_prod_environment-30-03-2026-08-27-00AM
[2026-03-30T02:57:00.025Z] [INFO ] Log file       :  C:\Users\ftt\working\By-Mistake\backup\30-03-2026-08-18-39-AM\rp3_prod_environment-30-03-2026-08-27-00AM\logs\run.log
[2026-03-30T02:57:01.641Z] [INFO ] Databases on server (6): _dodb, defaultdb, rp3_prod, rp3_tenants_prod, rp3devdb, rp3tenantsdevdb
[2026-03-30T02:57:01.643Z] [INFO ] Filtered to (2): rp3_prod, rp3_tenants_prod
[2026-03-30T02:57:01.644Z] [INFO ] --- Starting database: rp3_prod

────────────────────────────────────────────────────────────
  Database: rp3_prod
────────────────────────────────────────────────────────────
[2026-03-30T02:57:01.646Z] [INFO ] Started   :  2026-03-30T02:57:01.646Z
[2026-03-30T02:57:01.647Z] [INFO ] Database  :  rp3_prod
[2026-03-30T02:57:01.648Z] [INFO ] Folder    :  C:\Users\ftt\working\By-Mistake\backup\30-03-2026-08-18-39-AM\rp3_prod_environment-30-03-2026-08-27-00AM\rp3_prod-30-03-2026-08-27-01AM
[2026-03-30T02:57:03.076Z] [INFO ] Schemas found (5): berkley, public, rp, sabeo, verticalmarket

────────────────────────────────────────────────────────────
  Schema: rp3_prod / berkley
────────────────────────────────────────────────────────────
[2026-03-30T02:57:03.118Z] [INFO ] Started  :  2026-03-30T02:57:03.118Z
[2026-03-30T02:57:03.120Z] [INFO ] DB       :  rp3_prod
[2026-03-30T02:57:03.121Z] [INFO ] Schema   :  berkley
[2026-03-30T02:57:03.123Z] [INFO ] Folder   :  C:\Users\ftt\working\By-Mistake\backup\30-03-2026-08-18-39-AM\rp3_prod_environment-30-03-2026-08-27-00AM\rp3_prod-30-03-2026-08-27-01AM\berkley
[2026-03-30T02:57:03.125Z] [INFO ] pg_dump -Fc  →  C:\Users\ftt\working\By-Mistake\backup\30-03-2026-08-18-39-AM\rp3_prod_environment-30-03-2026-08-27-00AM\rp3_prod-30-03-2026-08-27-01AM\berkley\dump_berkley.dump
[2026-03-30T02:58:02.726Z] [OK   ] Custom dump complete  |  size: 900.1 KB  |  file: C:\Users\ftt\working\By-Mistake\backup\30-03-2026-08-18-39-AM\rp3_prod_environment-30-03-2026-08-27-00AM\rp3_prod-30-03-2026-08-27-01AM\berkley\dump_berkley.dump
[2026-03-30T02:58:02.728Z] [INFO ] Finished :  2026-03-30T02:58:02.728Z  |  status: OK

────────────────────────────────────────────────────────────
  Schema: rp3_prod / public
────────────────────────────────────────────────────────────
[2026-03-30T02:58:02.730Z] [INFO ] Started  :  2026-03-30T02:58:02.730Z
[2026-03-30T02:58:02.731Z] [INFO ] DB       :  rp3_prod
[2026-03-30T02:58:02.732Z] [INFO ] Schema   :  public
[2026-03-30T02:58:02.733Z] [INFO ] Folder   :  C:\Users\ftt\working\By-Mistake\backup\30-03-2026-08-18-39-AM\rp3_prod_environment-30-03-2026-08-27-00AM\rp3_prod-30-03-2026-08-27-01AM\public
[2026-03-30T02:58:02.734Z] [INFO ] pg_dump -Fc  →  C:\Users\ftt\working\By-Mistake\backup\30-03-2026-08-18-39-AM\rp3_prod_environment-30-03-2026-08-27-00AM\rp3_prod-30-03-2026-08-27-01AM\public\dump_public.dump
[2026-03-30T02:58:28.008Z] [OK   ] Custom dump complete  |  size: 40.2 KB  |  file: C:\Users\ftt\working\By-Mistake\backup\30-03-2026-08-18-39-AM\rp3_prod_environment-30-03-2026-08-27-00AM\rp3_prod-30-03-2026-08-27-01AM\public\dump_public.dump
[2026-03-30T02:58:28.009Z] [INFO ] Finished :  2026-03-30T02:58:28.009Z  |  status: OK

────────────────────────────────────────────────────────────
  Schema: rp3_prod / rp
────────────────────────────────────────────────────────────
[2026-03-30T02:58:28.013Z] [INFO ] Started  :  2026-03-30T02:58:28.013Z
[2026-03-30T02:58:28.014Z] [INFO ] DB       :  rp3_prod
[2026-03-30T02:58:28.015Z] [INFO ] Schema   :  rp
[2026-03-30T02:58:28.017Z] [INFO ] Folder   :  C:\Users\ftt\working\By-Mistake\backup\30-03-2026-08-18-39-AM\rp3_prod_environment-30-03-2026-08-27-00AM\rp3_prod-30-03-2026-08-27-01AM\rp
[2026-03-30T02:58:28.018Z] [INFO ] pg_dump -Fc  →  C:\Users\ftt\working\By-Mistake\backup\30-03-2026-08-18-39-AM\rp3_prod_environment-30-03-2026-08-27-00AM\rp3_prod-30-03-2026-08-27-01AM\rp\dump_rp.dump
[2026-03-30T02:59:24.019Z] [OK   ] Custom dump complete  |  size: 1348.2 KB  |  file: C:\Users\ftt\working\By-Mistake\backup\30-03-2026-08-18-39-AM\rp3_prod_environment-30-03-2026-08-27-00AM\rp3_prod-30-03-2026-08-27-01AM\rp\dump_rp.dump
[2026-03-30T02:59:24.020Z] [INFO ] Finished :  2026-03-30T02:59:24.020Z  |  status: OK

────────────────────────────────────────────────────────────
  Schema: rp3_prod / sabeo
────────────────────────────────────────────────────────────
[2026-03-30T02:59:24.023Z] [INFO ] Started  :  2026-03-30T02:59:24.023Z
[2026-03-30T02:59:24.024Z] [INFO ] DB       :  rp3_prod
[2026-03-30T02:59:24.025Z] [INFO ] Schema   :  sabeo
[2026-03-30T02:59:24.025Z] [INFO ] Folder   :  C:\Users\ftt\working\By-Mistake\backup\30-03-2026-08-18-39-AM\rp3_prod_environment-30-03-2026-08-27-00AM\rp3_prod-30-03-2026-08-27-01AM\sabeo
[2026-03-30T02:59:24.026Z] [INFO ] pg_dump -Fc  →  C:\Users\ftt\working\By-Mistake\backup\30-03-2026-08-18-39-AM\rp3_prod_environment-30-03-2026-08-27-00AM\rp3_prod-30-03-2026-08-27-01AM\sabeo\dump_sabeo.dump
[2026-03-30T03:00:36.222Z] [OK   ] Custom dump complete  |  size: 1315.3 KB  |  file: C:\Users\ftt\working\By-Mistake\backup\30-03-2026-08-18-39-AM\rp3_prod_environment-30-03-2026-08-27-00AM\rp3_prod-30-03-2026-08-27-01AM\sabeo\dump_sabeo.dump
[2026-03-30T03:00:36.224Z] [INFO ] Finished :  2026-03-30T03:00:36.223Z  |  status: OK

────────────────────────────────────────────────────────────
  Schema: rp3_prod / verticalmarket
────────────────────────────────────────────────────────────
[2026-03-30T03:00:36.226Z] [INFO ] Started  :  2026-03-30T03:00:36.226Z
[2026-03-30T03:00:36.228Z] [INFO ] DB       :  rp3_prod
[2026-03-30T03:00:36.229Z] [INFO ] Schema   :  verticalmarket
[2026-03-30T03:00:36.230Z] [INFO ] Folder   :  C:\Users\ftt\working\By-Mistake\backup\30-03-2026-08-18-39-AM\rp3_prod_environment-30-03-2026-08-27-00AM\rp3_prod-30-03-2026-08-27-01AM\verticalmarket
[2026-03-30T03:00:36.231Z] [INFO ] pg_dump -Fc  →  C:\Users\ftt\working\By-Mistake\backup\30-03-2026-08-18-39-AM\rp3_prod_environment-30-03-2026-08-27-00AM\rp3_prod-30-03-2026-08-27-01AM\verticalmarket\dump_verticalmarket.dump
[2026-03-30T03:01:42.577Z] [OK   ] Custom dump complete  |  size: 1152.5 KB  |  file: C:\Users\ftt\working\By-Mistake\backup\30-03-2026-08-18-39-AM\rp3_prod_environment-30-03-2026-08-27-00AM\rp3_prod-30-03-2026-08-27-01AM\verticalmarket\dump_verticalmarket.dump
[2026-03-30T03:01:42.578Z] [INFO ] Finished :  2026-03-30T03:01:42.578Z  |  status: OK
[2026-03-30T03:01:42.580Z] [INFO ] Schemas backed up: 5 / 5
[2026-03-30T03:01:42.581Z] [INFO ] Finished  :  2026-03-30T03:01:42.580Z  |  status: OK
[2026-03-30T03:01:42.583Z] [INFO ] --- Finished database: rp3_prod  |  status: OK
[2026-03-30T03:01:42.583Z] [INFO ] --- Starting database: rp3_tenants_prod

────────────────────────────────────────────────────────────
  Database: rp3_tenants_prod
────────────────────────────────────────────────────────────
[2026-03-30T03:01:42.585Z] [INFO ] Started   :  2026-03-30T03:01:42.585Z
[2026-03-30T03:01:42.585Z] [INFO ] Database  :  rp3_tenants_prod
[2026-03-30T03:01:42.586Z] [INFO ] Folder    :  C:\Users\ftt\working\By-Mistake\backup\30-03-2026-08-18-39-AM\rp3_prod_environment-30-03-2026-08-27-00AM\rp3_tenants_prod-30-03-2026-08-31-42AM
[2026-03-30T03:01:44.266Z] [INFO ] Schemas found (2): public, rp

────────────────────────────────────────────────────────────
  Schema: rp3_tenants_prod / public
────────────────────────────────────────────────────────────
[2026-03-30T03:01:44.309Z] [INFO ] Started  :  2026-03-30T03:01:44.309Z
[2026-03-30T03:01:44.310Z] [INFO ] DB       :  rp3_tenants_prod
[2026-03-30T03:01:44.312Z] [INFO ] Schema   :  public
[2026-03-30T03:01:44.315Z] [INFO ] Folder   :  C:\Users\ftt\working\By-Mistake\backup\30-03-2026-08-18-39-AM\rp3_prod_environment-30-03-2026-08-27-00AM\rp3_tenants_prod-30-03-2026-08-31-42AM\public
[2026-03-30T03:01:44.317Z] [INFO ] pg_dump -Fc  →  C:\Users\ftt\working\By-Mistake\backup\30-03-2026-08-18-39-AM\rp3_prod_environment-30-03-2026-08-27-00AM\rp3_tenants_prod-30-03-2026-08-31-42AM\public\dump_public.dump
[2026-03-30T03:02:03.351Z] [OK   ] Custom dump complete  |  size: 1.2 KB  |  file: C:\Users\ftt\working\By-Mistake\backup\30-03-2026-08-18-39-AM\rp3_prod_environment-30-03-2026-08-27-00AM\rp3_tenants_prod-30-03-2026-08-31-42AM\public\dump_public.dump
[2026-03-30T03:02:03.353Z] [INFO ] Finished :  2026-03-30T03:02:03.353Z  |  status: OK

────────────────────────────────────────────────────────────
  Schema: rp3_tenants_prod / rp
────────────────────────────────────────────────────────────
[2026-03-30T03:02:03.357Z] [INFO ] Started  :  2026-03-30T03:02:03.356Z
[2026-03-30T03:02:03.359Z] [INFO ] DB       :  rp3_tenants_prod
[2026-03-30T03:02:03.361Z] [INFO ] Schema   :  rp
[2026-03-30T03:02:03.362Z] [INFO ] Folder   :  C:\Users\ftt\working\By-Mistake\backup\30-03-2026-08-18-39-AM\rp3_prod_environment-30-03-2026-08-27-00AM\rp3_tenants_prod-30-03-2026-08-31-42AM\rp
[2026-03-30T03:02:03.363Z] [INFO ] pg_dump -Fc  →  C:\Users\ftt\working\By-Mistake\backup\30-03-2026-08-18-39-AM\rp3_prod_environment-30-03-2026-08-27-00AM\rp3_tenants_prod-30-03-2026-08-31-42AM\rp\dump_rp.dump
[2026-03-30T03:02:26.292Z] [OK   ] Custom dump complete  |  size: 61.5 KB  |  file: C:\Users\ftt\working\By-Mistake\backup\30-03-2026-08-18-39-AM\rp3_prod_environment-30-03-2026-08-27-00AM\rp3_tenants_prod-30-03-2026-08-31-42AM\rp\dump_rp.dump
[2026-03-30T03:02:26.293Z] [INFO ] Finished :  2026-03-30T03:02:26.293Z  |  status: OK
[2026-03-30T03:02:26.295Z] [INFO ] Schemas backed up: 2 / 2
[2026-03-30T03:02:26.295Z] [INFO ] Finished  :  2026-03-30T03:02:26.295Z  |  status: OK
[2026-03-30T03:02:26.297Z] [INFO ] --- Finished database: rp3_tenants_prod  |  status: OK
[2026-03-30T03:02:26.298Z] [INFO ] Databases backed up: 2 / 2
[2026-03-30T03:02:26.298Z] [INFO ] Run finished   :  2026-03-30T03:02:26.298Z  |  status: OK
