
────────────────────────────────────────────────────────────
  Database: rp3_tenants_prod
────────────────────────────────────────────────────────────
[2026-04-02T05:34:47.969Z] [INFO ] Started   :  2026-04-02T05:34:47.968Z
[2026-04-02T05:34:47.971Z] [INFO ] Database  :  rp3_tenants_prod
[2026-04-02T05:34:47.972Z] [INFO ] Folder    :  C:\Users\ftt\working\By-Mistake\backup\02-04-2026-10-50-49-AM\rp3_prod_environment-02-04-2026-11-01-45AM\rp3_tenants_prod-02-04-2026-11-04-47AM
[2026-04-02T05:34:49.200Z] [INFO ] Schemas found (2): public, rp

────────────────────────────────────────────────────────────
  Schema: rp3_tenants_prod / public
────────────────────────────────────────────────────────────
[2026-04-02T05:34:49.208Z] [INFO ] Started  :  2026-04-02T05:34:49.208Z
[2026-04-02T05:34:49.211Z] [INFO ] DB       :  rp3_tenants_prod
[2026-04-02T05:34:49.213Z] [INFO ] Schema   :  public
[2026-04-02T05:34:49.215Z] [INFO ] Folder   :  C:\Users\ftt\working\By-Mistake\backup\02-04-2026-10-50-49-AM\rp3_prod_environment-02-04-2026-11-01-45AM\rp3_tenants_prod-02-04-2026-11-04-47AM\public
[2026-04-02T05:34:49.216Z] [INFO ] pg_dump -Fc  →  C:\Users\ftt\working\By-Mistake\backup\02-04-2026-10-50-49-AM\rp3_prod_environment-02-04-2026-11-01-45AM\rp3_tenants_prod-02-04-2026-11-04-47AM\public\dump_public.dump
[2026-04-02T05:35:01.850Z] [OK   ] Custom dump complete  |  size: 1.2 KB  |  file: C:\Users\ftt\working\By-Mistake\backup\02-04-2026-10-50-49-AM\rp3_prod_environment-02-04-2026-11-01-45AM\rp3_tenants_prod-02-04-2026-11-04-47AM\public\dump_public.dump
[2026-04-02T05:35:01.853Z] [INFO ] Finished :  2026-04-02T05:35:01.852Z  |  status: OK

────────────────────────────────────────────────────────────
  Schema: rp3_tenants_prod / rp
────────────────────────────────────────────────────────────
[2026-04-02T05:35:01.858Z] [INFO ] Started  :  2026-04-02T05:35:01.858Z
[2026-04-02T05:35:01.860Z] [INFO ] DB       :  rp3_tenants_prod
[2026-04-02T05:35:01.862Z] [INFO ] Schema   :  rp
[2026-04-02T05:35:01.864Z] [INFO ] Folder   :  C:\Users\ftt\working\By-Mistake\backup\02-04-2026-10-50-49-AM\rp3_prod_environment-02-04-2026-11-01-45AM\rp3_tenants_prod-02-04-2026-11-04-47AM\rp
[2026-04-02T05:35:01.867Z] [INFO ] pg_dump -Fc  →  C:\Users\ftt\working\By-Mistake\backup\02-04-2026-10-50-49-AM\rp3_prod_environment-02-04-2026-11-01-45AM\rp3_tenants_prod-02-04-2026-11-04-47AM\rp\dump_rp.dump
[2026-04-02T05:35:17.598Z] [OK   ] Custom dump complete  |  size: 61.5 KB  |  file: C:\Users\ftt\working\By-Mistake\backup\02-04-2026-10-50-49-AM\rp3_prod_environment-02-04-2026-11-01-45AM\rp3_tenants_prod-02-04-2026-11-04-47AM\rp\dump_rp.dump
[2026-04-02T05:35:17.600Z] [INFO ] Finished :  2026-04-02T05:35:17.600Z  |  status: OK
[2026-04-02T05:35:17.602Z] [INFO ] Schemas backed up: 2 / 2
[2026-04-02T05:35:17.603Z] [INFO ] Finished  :  2026-04-02T05:35:17.603Z  |  status: OK
